03-04-2022 23:28:30.019 [Gauge] [DEBUG] Created gauge_screenshots_dir at C:\Users\testinium\Ozdilek\.gauge\screenshots
03-04-2022 23:28:30.024 [Gauge] [DEBUG] Plugin java is already installed.
03-04-2022 23:28:30.032 [Gauge] [DEBUG] Plugin html-report is already installed.
03-04-2022 23:28:30.033 [Gauge] [DEBUG] Parsing started.
03-04-2022 23:28:30.033 [Gauge] [DEBUG] Started concepts parsing.
03-04-2022 23:28:30.037 [Gauge] [DEBUG] 0 concepts parsing completed.
03-04-2022 23:28:30.038 [Gauge] [DEBUG] Started specifications parsing.
03-04-2022 23:28:30.044 [Gauge] [ERROR] [ParseError] C:\Users\testinium\Ozdilek\specs\example.spec:12 Dynamic parameter <5> could not be resolved => '<5> saniye kadar bekle'
03-04-2022 23:28:30.044 [Gauge] [DEBUG] 1 specifications parsing completed.
03-04-2022 23:28:30.045 [Gauge] [DEBUG] Parsing completed.
03-04-2022 23:28:30.048 [Gauge] [DEBUG] Staring java runner
03-04-2022 23:28:30.085 [java] [DEBUG] classpath set to C:\Program Files\Java\jdk-18!\java.base;C:\Program Files\Java\jdk-18!\java.compiler;C:\Program Files\Java\jdk-18!\java.datatransfer;C:\Program Files\Java\jdk-18!\java.desktop;C:\Program Files\Java\jdk-18!\java.instrument;C:\Program Files\Java\jdk-18!\java.logging;C:\Program Files\Java\jdk-18!\java.management;C:\Program Files\Java\jdk-18!\java.management.rmi;C:\Program Files\Java\jdk-18!\java.naming;C:\Program Files\Java\jdk-18!\java.net.http;C:\Program Files\Java\jdk-18!\java.prefs;C:\Program Files\Java\jdk-18!\java.rmi;C:\Program Files\Java\jdk-18!\java.scripting;C:\Program Files\Java\jdk-18!\java.se;C:\Program Files\Java\jdk-18!\java.security.jgss;C:\Program Files\Java\jdk-18!\java.security.sasl;C:\Program Files\Java\jdk-18!\java.smartcardio;C:\Program Files\Java\jdk-18!\java.sql;C:\Program Files\Java\jdk-18!\java.sql.rowset;C:\Program Files\Java\jdk-18!\java.transaction.xa;C:\Program Files\Java\jdk-18!\java.xml;C:\Program Files\Java\jdk-18!\java.xml.crypto;C:\Program Files\Java\jdk-18!\jdk.accessibility;C:\Program Files\Java\jdk-18!\jdk.attach;C:\Program Files\Java\jdk-18!\jdk.charsets;C:\Program Files\Java\jdk-18!\jdk.compiler;C:\Program Files\Java\jdk-18!\jdk.crypto.cryptoki;C:\Program Files\Java\jdk-18!\jdk.crypto.ec;C:\Program Files\Java\jdk-18!\jdk.crypto.mscapi;C:\Program Files\Java\jdk-18!\jdk.dynalink;C:\Program Files\Java\jdk-18!\jdk.editpad;C:\Program Files\Java\jdk-18!\jdk.hotspot.agent;C:\Program Files\Java\jdk-18!\jdk.httpserver;C:\Program Files\Java\jdk-18!\jdk.incubator.foreign;C:\Program Files\Java\jdk-18!\jdk.incubator.vector;C:\Program Files\Java\jdk-18!\jdk.internal.ed;C:\Program Files\Java\jdk-18!\jdk.internal.jvmstat;C:\Program Files\Java\jdk-18!\jdk.internal.le;C:\Program Files\Java\jdk-18!\jdk.internal.opt;C:\Program Files\Java\jdk-18!\jdk.internal.vm.ci;C:\Program Files\Java\jdk-18!\jdk.internal.vm.compiler;C:\Program Files\Java\jdk-18!\jdk.internal.vm.compiler.management;C:\Program Files\Java\jdk-18!\jdk.jartool;C:\Program Files\Java\jdk-18!\jdk.javadoc;C:\Program Files\Java\jdk-18!\jdk.jcmd;C:\Program Files\Java\jdk-18!\jdk.jconsole;C:\Program Files\Java\jdk-18!\jdk.jdeps;C:\Program Files\Java\jdk-18!\jdk.jdi;C:\Program Files\Java\jdk-18!\jdk.jdwp.agent;C:\Program Files\Java\jdk-18!\jdk.jfr;C:\Program Files\Java\jdk-18!\jdk.jlink;C:\Program Files\Java\jdk-18!\jdk.jpackage;C:\Program Files\Java\jdk-18!\jdk.jshell;C:\Program Files\Java\jdk-18!\jdk.jsobject;C:\Program Files\Java\jdk-18!\jdk.jstatd;C:\Program Files\Java\jdk-18!\jdk.localedata;C:\Program Files\Java\jdk-18!\jdk.management;C:\Program Files\Java\jdk-18!\jdk.management.agent;C:\Program Files\Java\jdk-18!\jdk.management.jfr;C:\Program Files\Java\jdk-18!\jdk.naming.dns;C:\Program Files\Java\jdk-18!\jdk.naming.rmi;C:\Program Files\Java\jdk-18!\jdk.net;C:\Program Files\Java\jdk-18!\jdk.nio.mapmode;C:\Program Files\Java\jdk-18!\jdk.random;C:\Program Files\Java\jdk-18!\jdk.sctp;C:\Program Files\Java\jdk-18!\jdk.security.auth;C:\Program Files\Java\jdk-18!\jdk.security.jgss;C:\Program Files\Java\jdk-18!\jdk.unsupported;C:\Program Files\Java\jdk-18!\jdk.unsupported.desktop;C:\Program Files\Java\jdk-18!\jdk.xml.dom;C:\Program Files\Java\jdk-18!\jdk.zipfs;C:\Users\testinium\Ozdilek\target\test-classes;C:\Users\testinium\.m2\repository\junit\junit\4.12\junit-4.12.jar;C:\Users\testinium\.m2\repository\org\hamcrest\hamcrest-core\1.3\hamcrest-core-1.3.jar;C:\Users\testinium\.m2\repository\com\thoughtworks\gauge\gauge-java\0.7.15\gauge-java-0.7.15.jar;C:\Users\testinium\.m2\repository\org\assertj\assertj-core\3.19.0\assertj-core-3.19.0.jar;C:\Users\testinium\.m2\repository\org\reflections\reflections\0.9.9\reflections-0.9.9.jar;C:\Users\testinium\.m2\repository\org\javassist\javassist\3.18.2-GA\javassist-3.18.2-GA.jar;C:\Users\testinium\.m2\repository\com\google\code\findbugs\annotations\2.0.1\annotations-2.0.1.jar;C:\Users\testinium\.m2\repository\com\github\javaparser\javaparser-core\3.16.3\javaparser-core-3.16.3.jar;C:\Users\testinium\.m2\repository\commons-io\commons-io\2.8.0\commons-io-2.8.0.jar;C:\Users\testinium\.m2\repository\commons-lang\commons-lang\2.6\commons-lang-2.6.jar;C:\Users\testinium\.m2\repository\org\json\json\20210307\json-20210307.jar;C:\Users\testinium\.m2\repository\com\google\protobuf\protobuf-java\3.15.8\protobuf-java-3.15.8.jar;C:\Users\testinium\.m2\repository\com\google\guava\guava\30.1.1-jre\guava-30.1.1-jre.jar;C:\Users\testinium\.m2\repository\com\google\guava\failureaccess\1.0.1\failureaccess-1.0.1.jar;C:\Users\testinium\.m2\repository\com\google\guava\listenablefuture\9999.0-empty-to-avoid-conflict-with-guava\listenablefuture-9999.0-empty-to-avoid-conflict-with-guava.jar;C:\Users\testinium\.m2\repository\com\google\code\findbugs\jsr305\3.0.2\jsr305-3.0.2.jar;C:\Users\testinium\.m2\repository\org\checkerframework\checker-qual\3.8.0\checker-qual-3.8.0.jar;C:\Users\testinium\.m2\repository\com\google\errorprone\error_prone_annotations\2.5.1\error_prone_annotations-2.5.1.jar;C:\Users\testinium\.m2\repository\com\google\j2objc\j2objc-annotations\1.3\j2objc-annotations-1.3.jar;C:\Users\testinium\.m2\repository\io\grpc\grpc-netty-shaded\1.37.0\grpc-netty-shaded-1.37.0.jar;C:\Users\testinium\.m2\repository\io\grpc\grpc-core\1.37.0\grpc-core-1.37.0.jar;C:\Users\testinium\.m2\repository\com\google\android\annotations\4.1.1.4\annotations-4.1.1.4.jar;C:\Users\testinium\.m2\repository\io\perfmark\perfmark-api\0.23.0\perfmark-api-0.23.0.jar;C:\Users\testinium\.m2\repository\io\grpc\grpc-protobuf\1.37.0\grpc-protobuf-1.37.0.jar;C:\Users\testinium\.m2\repository\io\grpc\grpc-api\1.37.0\grpc-api-1.37.0.jar;C:\Users\testinium\.m2\repository\io\grpc\grpc-context\1.37.0\grpc-context-1.37.0.jar;C:\Users\testinium\.m2\repository\com\google\api\grpc\proto-google-common-protos\2.0.1\proto-google-common-protos-2.0.1.jar;C:\Users\testinium\.m2\repository\io\grpc\grpc-protobuf-lite\1.37.0\grpc-protobuf-lite-1.37.0.jar;C:\Users\testinium\.m2\repository\org\codehaus\mojo\animal-sniffer-annotations\1.19\animal-sniffer-annotations-1.19.jar;C:\Users\testinium\.m2\repository\io\grpc\grpc-stub\1.37.0\grpc-stub-1.37.0.jar;C:\Users\testinium\.m2\repository\javax\annotation\javax.annotation-api\1.3.2\javax.annotation-api-1.3.2.jar;C:\Users\testinium\.m2\repository\io\appium\java-client\7.3.0\java-client-7.3.0.jar;C:\Users\testinium\.m2\repository\org\seleniumhq\selenium\selenium-java\3.141.59\selenium-java-3.141.59.jar;C:\Users\testinium\.m2\repository\org\seleniumhq\selenium\selenium-chrome-driver\3.141.59\selenium-chrome-driver-3.141.59.jar;C:\Users\testinium\.m2\repository\org\seleniumhq\selenium\selenium-edge-driver\3.141.59\selenium-edge-driver-3.141.59.jar;C:\Users\testinium\.m2\repository\org\seleniumhq\selenium\selenium-firefox-driver\3.141.59\selenium-firefox-driver-3.141.59.jar;C:\Users\testinium\.m2\repository\org\seleniumhq\selenium\selenium-ie-driver\3.141.59\selenium-ie-driver-3.141.59.jar;C:\Users\testinium\.m2\repository\org\seleniumhq\selenium\selenium-opera-driver\3.141.59\selenium-opera-driver-3.141.59.jar;C:\Users\testinium\.m2\repository\org\seleniumhq\selenium\selenium-remote-driver\3.141.59\selenium-remote-driver-3.141.59.jar;C:\Users\testinium\.m2\repository\org\seleniumhq\selenium\selenium-safari-driver\3.141.59\selenium-safari-driver-3.141.59.jar;C:\Users\testinium\.m2\repository\net\bytebuddy\byte-buddy\1.8.15\byte-buddy-1.8.15.jar;C:\Users\testinium\.m2\repository\org\apache\commons\commons-exec\1.3\commons-exec-1.3.jar;C:\Users\testinium\.m2\repository\com\squareup\okhttp3\okhttp\3.11.0\okhttp-3.11.0.jar;C:\Users\testinium\.m2\repository\com\squareup\okio\okio\1.14.0\okio-1.14.0.jar;C:\Users\testinium\.m2\repository\org\seleniumhq\selenium\selenium-support\3.141.59\selenium-support-3.141.59.jar;C:\Users\testinium\.m2\repository\org\seleniumhq\selenium\selenium-api\3.141.59\selenium-api-3.141.59.jar;C:\Users\testinium\.m2\repository\com\google\code\gson\gson\2.8.5\gson-2.8.5.jar;C:\Users\testinium\.m2\repository\org\apache\httpcomponents\httpclient\4.5.9\httpclient-4.5.9.jar;C:\Users\testinium\.m2\repository\org\apache\httpcomponents\httpcore\4.4.11\httpcore-4.4.11.jar;C:\Users\testinium\.m2\repository\commons-logging\commons-logging\1.2\commons-logging-1.2.jar;C:\Users\testinium\.m2\repository\commons-codec\commons-codec\1.11\commons-codec-1.11.jar;C:\Users\testinium\.m2\repository\cglib\cglib\3.2.12\cglib-3.2.12.jar;C:\Users\testinium\.m2\repository\org\ow2\asm\asm\7.1\asm-7.1.jar;C:\Users\testinium\.m2\repository\commons-validator\commons-validator\1.6\commons-validator-1.6.jar;C:\Users\testinium\.m2\repository\commons-beanutils\commons-beanutils\1.9.2\commons-beanutils-1.9.2.jar;C:\Users\testinium\.m2\repository\commons-digester\commons-digester\1.8.1\commons-digester-1.8.1.jar;C:\Users\testinium\.m2\repository\commons-collections\commons-collections\3.2.2\commons-collections-3.2.2.jar;C:\Users\testinium\.m2\repository\org\apache\commons\commons-lang3\3.9\commons-lang3-3.9.jar;C:\Users\testinium\.m2\repository\org\springframework\spring-context\5.1.8.RELEASE\spring-context-5.1.8.RELEASE.jar;C:\Users\testinium\.m2\repository\org\springframework\spring-aop\5.1.8.RELEASE\spring-aop-5.1.8.RELEASE.jar;C:\Users\testinium\.m2\repository\org\springframework\spring-beans\5.1.8.RELEASE\spring-beans-5.1.8.RELEASE.jar;C:\Users\testinium\.m2\repository\org\springframework\spring-core\5.1.8.RELEASE\spring-core-5.1.8.RELEASE.jar;C:\Users\testinium\.m2\repository\org\springframework\spring-jcl\5.1.8.RELEASE\spring-jcl-5.1.8.RELEASE.jar;C:\Users\testinium\.m2\repository\org\springframework\spring-expression\5.1.8.RELEASE\spring-expression-5.1.8.RELEASE.jar;C:\Users\testinium\.m2\repository\org\aspectj\aspectjweaver\1.9.4\aspectjweaver-1.9.4.jar;C:\Users\testinium\.m2\repository\org\slf4j\slf4j-api\1.7.30\slf4j-api-1.7.30.jar;C:\Users\testinium\.m2\repository\org\slf4j\slf4j-log4j12\1.7.30\slf4j-log4j12-1.7.30.jar;C:\Users\testinium\.m2\repository\log4j\log4j\1.2.17\log4j-1.2.17.jar
03-04-2022 23:28:30.261 [java] [CRITICAL] process C:\Program Files\Java\jdk-18\bin\java.exe with pid 8672 quit unexpectedly. exit status 1
03-04-2022 23:28:30.269 [Gauge] [DEBUG] Runner connection error: Runner with pid 4956 quit unexpectedly(exit status 1)
03-04-2022 23:28:30.269 [Gauge] [DEBUG] Error while killing runner: invalid argument
03-04-2022 23:28:30.269 [Gauge] [CRITICAL] Failed to start gauge API: Runner with pid 4956 quit unexpectedly(exit status 1)
04-04-2022 01:16:12.116 [Gauge] [DEBUG] Created gauge_screenshots_dir at C:\Users\testinium\Ozdilek\.gauge\screenshots
04-04-2022 01:16:12.123 [Gauge] [DEBUG] Plugin html-report is already installed.
04-04-2022 01:16:12.125 [Gauge] [DEBUG] Plugin java is already installed.
04-04-2022 01:16:12.127 [Gauge] [DEBUG] Parsing started.
04-04-2022 01:16:12.127 [Gauge] [DEBUG] Started concepts parsing.
04-04-2022 01:16:12.580 [Gauge] [DEBUG] Checking updates...
04-04-2022 01:16:12.584 [Gauge] [DEBUG] Downloading https://downloads.gauge.org/plugin/html-report?l=java&p=html-report,java,screenshot,spectacle,xml-report&o=windows&a=386
04-04-2022 01:16:12.658 [Gauge] [ERROR] Concept parse failure: C:\Users\testinium\Ozdilek\specs\Home.cpt C:\Users\testinium\Ozdilek\specs\Home.cpt:6 Dynamic parameter <5> could not be resolved => '<5> saniye bekle'
04-04-2022 01:16:12.659 [Gauge] [ERROR] [ParseError] C:\Users\testinium\Ozdilek\specs\Home.cpt:6 Dynamic parameter <5> could not be resolved => '<5> saniye bekle'
04-04-2022 01:16:12.659 [Gauge] [DEBUG] 1 concepts parsing completed.
04-04-2022 01:16:12.659 [Gauge] [DEBUG] Started specifications parsing.
04-04-2022 01:16:12.661 [Gauge] [ERROR] [ParseError] C:\Users\testinium\Ozdilek\specs\example.spec:12 Dynamic parameter <5> could not be resolved => '<5> saniye kadar bekle'
04-04-2022 01:16:12.661 [Gauge] [DEBUG] 1 specifications parsing completed.
04-04-2022 01:16:12.662 [Gauge] [DEBUG] Parsing completed.
04-04-2022 01:16:12.666 [Gauge] [DEBUG] Staring java runner
04-04-2022 01:16:12.755 [java] [DEBUG] classpath set to C:\Program Files\Java\jdk-18!\java.base;C:\Program Files\Java\jdk-18!\java.compiler;C:\Program Files\Java\jdk-18!\java.datatransfer;C:\Program Files\Java\jdk-18!\java.desktop;C:\Program Files\Java\jdk-18!\java.instrument;C:\Program Files\Java\jdk-18!\java.logging;C:\Program Files\Java\jdk-18!\java.management;C:\Program Files\Java\jdk-18!\java.management.rmi;C:\Program Files\Java\jdk-18!\java.naming;C:\Program Files\Java\jdk-18!\java.net.http;C:\Program Files\Java\jdk-18!\java.prefs;C:\Program Files\Java\jdk-18!\java.rmi;C:\Program Files\Java\jdk-18!\java.scripting;C:\Program Files\Java\jdk-18!\java.se;C:\Program Files\Java\jdk-18!\java.security.jgss;C:\Program Files\Java\jdk-18!\java.security.sasl;C:\Program Files\Java\jdk-18!\java.smartcardio;C:\Program Files\Java\jdk-18!\java.sql;C:\Program Files\Java\jdk-18!\java.sql.rowset;C:\Program Files\Java\jdk-18!\java.transaction.xa;C:\Program Files\Java\jdk-18!\java.xml;C:\Program Files\Java\jdk-18!\java.xml.crypto;C:\Program Files\Java\jdk-18!\jdk.accessibility;C:\Program Files\Java\jdk-18!\jdk.attach;C:\Program Files\Java\jdk-18!\jdk.charsets;C:\Program Files\Java\jdk-18!\jdk.compiler;C:\Program Files\Java\jdk-18!\jdk.crypto.cryptoki;C:\Program Files\Java\jdk-18!\jdk.crypto.ec;C:\Program Files\Java\jdk-18!\jdk.crypto.mscapi;C:\Program Files\Java\jdk-18!\jdk.dynalink;C:\Program Files\Java\jdk-18!\jdk.editpad;C:\Program Files\Java\jdk-18!\jdk.hotspot.agent;C:\Program Files\Java\jdk-18!\jdk.httpserver;C:\Program Files\Java\jdk-18!\jdk.incubator.foreign;C:\Program Files\Java\jdk-18!\jdk.incubator.vector;C:\Program Files\Java\jdk-18!\jdk.internal.ed;C:\Program Files\Java\jdk-18!\jdk.internal.jvmstat;C:\Program Files\Java\jdk-18!\jdk.internal.le;C:\Program Files\Java\jdk-18!\jdk.internal.opt;C:\Program Files\Java\jdk-18!\jdk.internal.vm.ci;C:\Program Files\Java\jdk-18!\jdk.internal.vm.compiler;C:\Program Files\Java\jdk-18!\jdk.internal.vm.compiler.management;C:\Program Files\Java\jdk-18!\jdk.jartool;C:\Program Files\Java\jdk-18!\jdk.javadoc;C:\Program Files\Java\jdk-18!\jdk.jcmd;C:\Program Files\Java\jdk-18!\jdk.jconsole;C:\Program Files\Java\jdk-18!\jdk.jdeps;C:\Program Files\Java\jdk-18!\jdk.jdi;C:\Program Files\Java\jdk-18!\jdk.jdwp.agent;C:\Program Files\Java\jdk-18!\jdk.jfr;C:\Program Files\Java\jdk-18!\jdk.jlink;C:\Program Files\Java\jdk-18!\jdk.jpackage;C:\Program Files\Java\jdk-18!\jdk.jshell;C:\Program Files\Java\jdk-18!\jdk.jsobject;C:\Program Files\Java\jdk-18!\jdk.jstatd;C:\Program Files\Java\jdk-18!\jdk.localedata;C:\Program Files\Java\jdk-18!\jdk.management;C:\Program Files\Java\jdk-18!\jdk.management.agent;C:\Program Files\Java\jdk-18!\jdk.management.jfr;C:\Program Files\Java\jdk-18!\jdk.naming.dns;C:\Program Files\Java\jdk-18!\jdk.naming.rmi;C:\Program Files\Java\jdk-18!\jdk.net;C:\Program Files\Java\jdk-18!\jdk.nio.mapmode;C:\Program Files\Java\jdk-18!\jdk.random;C:\Program Files\Java\jdk-18!\jdk.sctp;C:\Program Files\Java\jdk-18!\jdk.security.auth;C:\Program Files\Java\jdk-18!\jdk.security.jgss;C:\Program Files\Java\jdk-18!\jdk.unsupported;C:\Program Files\Java\jdk-18!\jdk.unsupported.desktop;C:\Program Files\Java\jdk-18!\jdk.xml.dom;C:\Program Files\Java\jdk-18!\jdk.zipfs;C:\Users\testinium\Ozdilek\target\test-classes;C:\Users\testinium\.m2\repository\junit\junit\4.12\junit-4.12.jar;C:\Users\testinium\.m2\repository\org\hamcrest\hamcrest-core\1.3\hamcrest-core-1.3.jar;C:\Users\testinium\.m2\repository\com\thoughtworks\gauge\gauge-java\0.7.15\gauge-java-0.7.15.jar;C:\Users\testinium\.m2\repository\org\assertj\assertj-core\3.19.0\assertj-core-3.19.0.jar;C:\Users\testinium\.m2\repository\org\reflections\reflections\0.9.9\reflections-0.9.9.jar;C:\Users\testinium\.m2\repository\org\javassist\javassist\3.18.2-GA\javassist-3.18.2-GA.jar;C:\Users\testinium\.m2\repository\com\google\code\findbugs\annotations\2.0.1\annotations-2.0.1.jar;C:\Users\testinium\.m2\repository\com\github\javaparser\javaparser-core\3.16.3\javaparser-core-3.16.3.jar;C:\Users\testinium\.m2\repository\commons-io\commons-io\2.8.0\commons-io-2.8.0.jar;C:\Users\testinium\.m2\repository\commons-lang\commons-lang\2.6\commons-lang-2.6.jar;C:\Users\testinium\.m2\repository\org\json\json\20210307\json-20210307.jar;C:\Users\testinium\.m2\repository\com\google\protobuf\protobuf-java\3.15.8\protobuf-java-3.15.8.jar;C:\Users\testinium\.m2\repository\com\google\guava\guava\30.1.1-jre\guava-30.1.1-jre.jar;C:\Users\testinium\.m2\repository\com\google\guava\failureaccess\1.0.1\failureaccess-1.0.1.jar;C:\Users\testinium\.m2\repository\com\google\guava\listenablefuture\9999.0-empty-to-avoid-conflict-with-guava\listenablefuture-9999.0-empty-to-avoid-conflict-with-guava.jar;C:\Users\testinium\.m2\repository\com\google\code\findbugs\jsr305\3.0.2\jsr305-3.0.2.jar;C:\Users\testinium\.m2\repository\org\checkerframework\checker-qual\3.8.0\checker-qual-3.8.0.jar;C:\Users\testinium\.m2\repository\com\google\errorprone\error_prone_annotations\2.5.1\error_prone_annotations-2.5.1.jar;C:\Users\testinium\.m2\repository\com\google\j2objc\j2objc-annotations\1.3\j2objc-annotations-1.3.jar;C:\Users\testinium\.m2\repository\io\grpc\grpc-netty-shaded\1.37.0\grpc-netty-shaded-1.37.0.jar;C:\Users\testinium\.m2\repository\io\grpc\grpc-core\1.37.0\grpc-core-1.37.0.jar;C:\Users\testinium\.m2\repository\com\google\android\annotations\4.1.1.4\annotations-4.1.1.4.jar;C:\Users\testinium\.m2\repository\io\perfmark\perfmark-api\0.23.0\perfmark-api-0.23.0.jar;C:\Users\testinium\.m2\repository\io\grpc\grpc-protobuf\1.37.0\grpc-protobuf-1.37.0.jar;C:\Users\testinium\.m2\repository\io\grpc\grpc-api\1.37.0\grpc-api-1.37.0.jar;C:\Users\testinium\.m2\repository\io\grpc\grpc-context\1.37.0\grpc-context-1.37.0.jar;C:\Users\testinium\.m2\repository\com\google\api\grpc\proto-google-common-protos\2.0.1\proto-google-common-protos-2.0.1.jar;C:\Users\testinium\.m2\repository\io\grpc\grpc-protobuf-lite\1.37.0\grpc-protobuf-lite-1.37.0.jar;C:\Users\testinium\.m2\repository\org\codehaus\mojo\animal-sniffer-annotations\1.19\animal-sniffer-annotations-1.19.jar;C:\Users\testinium\.m2\repository\io\grpc\grpc-stub\1.37.0\grpc-stub-1.37.0.jar;C:\Users\testinium\.m2\repository\javax\annotation\javax.annotation-api\1.3.2\javax.annotation-api-1.3.2.jar;C:\Users\testinium\.m2\repository\io\appium\java-client\7.3.0\java-client-7.3.0.jar;C:\Users\testinium\.m2\repository\org\seleniumhq\selenium\selenium-java\3.141.59\selenium-java-3.141.59.jar;C:\Users\testinium\.m2\repository\org\seleniumhq\selenium\selenium-chrome-driver\3.141.59\selenium-chrome-driver-3.141.59.jar;C:\Users\testinium\.m2\repository\org\seleniumhq\selenium\selenium-edge-driver\3.141.59\selenium-edge-driver-3.141.59.jar;C:\Users\testinium\.m2\repository\org\seleniumhq\selenium\selenium-firefox-driver\3.141.59\selenium-firefox-driver-3.141.59.jar;C:\Users\testinium\.m2\repository\org\seleniumhq\selenium\selenium-ie-driver\3.141.59\selenium-ie-driver-3.141.59.jar;C:\Users\testinium\.m2\repository\org\seleniumhq\selenium\selenium-opera-driver\3.141.59\selenium-opera-driver-3.141.59.jar;C:\Users\testinium\.m2\repository\org\seleniumhq\selenium\selenium-remote-driver\3.141.59\selenium-remote-driver-3.141.59.jar;C:\Users\testinium\.m2\repository\org\seleniumhq\selenium\selenium-safari-driver\3.141.59\selenium-safari-driver-3.141.59.jar;C:\Users\testinium\.m2\repository\net\bytebuddy\byte-buddy\1.8.15\byte-buddy-1.8.15.jar;C:\Users\testinium\.m2\repository\org\apache\commons\commons-exec\1.3\commons-exec-1.3.jar;C:\Users\testinium\.m2\repository\com\squareup\okhttp3\okhttp\3.11.0\okhttp-3.11.0.jar;C:\Users\testinium\.m2\repository\com\squareup\okio\okio\1.14.0\okio-1.14.0.jar;C:\Users\testinium\.m2\repository\org\seleniumhq\selenium\selenium-support\3.141.59\selenium-support-3.141.59.jar;C:\Users\testinium\.m2\repository\org\seleniumhq\selenium\selenium-api\3.141.59\selenium-api-3.141.59.jar;C:\Users\testinium\.m2\repository\com\google\code\gson\gson\2.8.5\gson-2.8.5.jar;C:\Users\testinium\.m2\repository\org\apache\httpcomponents\httpclient\4.5.9\httpclient-4.5.9.jar;C:\Users\testinium\.m2\repository\org\apache\httpcomponents\httpcore\4.4.11\httpcore-4.4.11.jar;C:\Users\testinium\.m2\repository\commons-logging\commons-logging\1.2\commons-logging-1.2.jar;C:\Users\testinium\.m2\repository\commons-codec\commons-codec\1.11\commons-codec-1.11.jar;C:\Users\testinium\.m2\repository\cglib\cglib\3.2.12\cglib-3.2.12.jar;C:\Users\testinium\.m2\repository\org\ow2\asm\asm\7.1\asm-7.1.jar;C:\Users\testinium\.m2\repository\commons-validator\commons-validator\1.6\commons-validator-1.6.jar;C:\Users\testinium\.m2\repository\commons-beanutils\commons-beanutils\1.9.2\commons-beanutils-1.9.2.jar;C:\Users\testinium\.m2\repository\commons-digester\commons-digester\1.8.1\commons-digester-1.8.1.jar;C:\Users\testinium\.m2\repository\commons-collections\commons-collections\3.2.2\commons-collections-3.2.2.jar;C:\Users\testinium\.m2\repository\org\apache\commons\commons-lang3\3.9\commons-lang3-3.9.jar;C:\Users\testinium\.m2\repository\org\springframework\spring-context\5.1.8.RELEASE\spring-context-5.1.8.RELEASE.jar;C:\Users\testinium\.m2\repository\org\springframework\spring-aop\5.1.8.RELEASE\spring-aop-5.1.8.RELEASE.jar;C:\Users\testinium\.m2\repository\org\springframework\spring-beans\5.1.8.RELEASE\spring-beans-5.1.8.RELEASE.jar;C:\Users\testinium\.m2\repository\org\springframework\spring-core\5.1.8.RELEASE\spring-core-5.1.8.RELEASE.jar;C:\Users\testinium\.m2\repository\org\springframework\spring-jcl\5.1.8.RELEASE\spring-jcl-5.1.8.RELEASE.jar;C:\Users\testinium\.m2\repository\org\springframework\spring-expression\5.1.8.RELEASE\spring-expression-5.1.8.RELEASE.jar;C:\Users\testinium\.m2\repository\org\aspectj\aspectjweaver\1.9.4\aspectjweaver-1.9.4.jar;C:\Users\testinium\.m2\repository\org\slf4j\slf4j-api\1.7.30\slf4j-api-1.7.30.jar;C:\Users\testinium\.m2\repository\org\slf4j\slf4j-log4j12\1.7.30\slf4j-log4j12-1.7.30.jar;C:\Users\testinium\.m2\repository\log4j\log4j\1.2.17\log4j-1.2.17.jar
04-04-2022 01:16:13.019 [Gauge] [DEBUG] Downloading https://downloads.gauge.org/plugin/java?l=java&p=html-report,java,screenshot,spectacle,xml-report&o=windows&a=386
04-04-2022 01:16:13.137 [java] [CRITICAL] process C:\Program Files\Java\jdk-18\bin\java.exe with pid 13648 quit unexpectedly. exit status 1
04-04-2022 01:16:13.146 [Gauge] [DEBUG] Runner connection error: Runner with pid 2152 quit unexpectedly(exit status 1)
04-04-2022 01:16:13.146 [Gauge] [DEBUG] Error while killing runner: invalid argument
04-04-2022 01:16:13.146 [Gauge] [CRITICAL] Failed to start gauge API: Runner with pid 2152 quit unexpectedly(exit status 1)
04-04-2022 02:12:29.924 [Gauge] [ERROR] Unable to add directory C:\Users\testinium\Ozdilek\C:\Users\testinium\Ozdilek\specs\Home.cpt to file watcher: GetFileAttributes: The filename, directory name, or volume label syntax is incorrect.
04-04-2022 02:12:29.987 [Gauge] [ERROR] Concept parse failure: C:\Users\testinium\Ozdilek\specs\Home.cpt C:\Users\testinium\Ozdilek\specs\Home.cpt:41 Dynamic parameter <text> could not be resolved => 'xpath "//*[@resource-id='com.ozdilek.ozdilekteyim:id/relLaySizeView']/android.widget.TextView" li elementi bul ve <text> ini kontrol et'
04-04-2022 02:12:29.987 [Gauge] [ERROR] Concept parse failure: C:\Users\testinium\Ozdilek\specs\Home.cpt C:\Users\testinium\Ozdilek\specs\Home.cpt:32 Duplicate concept definition found => 'Sayfayı aşağı doğru kaydır(scroll)'
04-04-2022 02:12:29.987 [Gauge] [ERROR] Concept parse failure: C:\Users\testinium\Ozdilek\specs\Home.cpt C:\Users\testinium\Ozdilek\specs\Home.cpt:28 Duplicate concept definition found => 'Sayfayı aşağı doğru kaydır(scroll)'
04-04-2022 02:12:29.987 [Gauge] [ERROR] Parse failure: [[ParseError] C:\Users\testinium\Ozdilek\specs\Home.cpt:41 Dynamic parameter <text> could not be resolved => 'xpath "//*[@resource-id='com.ozdilek.ozdilekteyim:id/relLaySizeView']/android.widget.TextView" li elementi bul ve <text> ini kontrol et' [ParseError] C:\Users\testinium\Ozdilek\specs\Home.cpt:32 Duplicate concept definition found => 'Sayfayı aşağı doğru kaydır(scroll)' [ParseError] C:\Users\testinium\Ozdilek\specs\Home.cpt:28 Duplicate concept definition found => 'Sayfayı aşağı doğru kaydır(scroll)']
04-04-2022 02:12:29.988 [Gauge] [INFO] Initializing concepts cache with 15 concepts
04-04-2022 02:12:29.988 [Gauge] [DEBUG] Adding concepts from C:\Users\testinium\Ozdilek\specs\Home.cpt
04-04-2022 02:12:29.988 [Gauge] [DEBUG] Adding concepts from C:\Users\testinium\Ozdilek\specs\Home.cpt
04-04-2022 02:12:29.988 [Gauge] [DEBUG] Adding concepts from C:\Users\testinium\Ozdilek\specs\Home.cpt
04-04-2022 02:12:29.988 [Gauge] [DEBUG] Adding concepts from C:\Users\testinium\Ozdilek\specs\Home.cpt
04-04-2022 02:12:29.988 [Gauge] [DEBUG] Adding concepts from C:\Users\testinium\Ozdilek\specs\Home.cpt
04-04-2022 02:12:29.988 [Gauge] [DEBUG] Adding concepts from C:\Users\testinium\Ozdilek\specs\Home.cpt
04-04-2022 02:12:29.988 [Gauge] [DEBUG] Adding concepts from C:\Users\testinium\Ozdilek\specs\Home.cpt
04-04-2022 02:12:29.988 [Gauge] [DEBUG] Adding concepts from C:\Users\testinium\Ozdilek\specs\Home.cpt
04-04-2022 02:12:29.988 [Gauge] [DEBUG] Adding concepts from C:\Users\testinium\Ozdilek\specs\Home.cpt
04-04-2022 02:12:29.988 [Gauge] [DEBUG] Adding concepts from C:\Users\testinium\Ozdilek\specs\Home.cpt
04-04-2022 02:12:29.988 [Gauge] [DEBUG] Adding concepts from C:\Users\testinium\Ozdilek\specs\Home.cpt
04-04-2022 02:12:29.988 [Gauge] [DEBUG] Adding concepts from C:\Users\testinium\Ozdilek\specs\Home.cpt
04-04-2022 02:12:29.988 [Gauge] [DEBUG] Adding concepts from C:\Users\testinium\Ozdilek\specs\Home.cpt
04-04-2022 02:12:29.988 [Gauge] [DEBUG] Adding concepts from C:\Users\testinium\Ozdilek\specs\Home.cpt
04-04-2022 02:12:29.988 [Gauge] [DEBUG] Adding concepts from C:\Users\testinium\Ozdilek\specs\Home.cpt
04-04-2022 02:12:29.988 [Gauge] [INFO] Initializing specs cache with 0 specs
04-04-2022 02:12:29.988 [Gauge] [INFO] Initializing steps cache with 1 steps
04-04-2022 02:12:34.201 [Gauge] [DEBUG] Api Request Received: messageType:SpecsRequest messageId:1649027554184014700 specsRequest:<> 
04-04-2022 02:12:34.202 [Gauge] [DEBUG] Sending API response: messageType:SpecsResponse messageId:1649027554184014700 specsResponse:<> 
04-04-2022 02:12:34.203 [Gauge] [INFO] Closing connection [127.0.0.1:54385] cause: EOF
04-04-2022 15:23:56.679 [Gauge] [DEBUG] Created gauge_screenshots_dir at C:\Users\testinium\Ozdilek\.gauge\screenshots
04-04-2022 15:23:56.767 [Gauge] [DEBUG] Plugin java is already installed.
04-04-2022 15:23:56.782 [Gauge] [DEBUG] Plugin html-report is already installed.
04-04-2022 15:23:56.784 [Gauge] [DEBUG] Parsing started.
04-04-2022 15:23:56.784 [Gauge] [DEBUG] Started concepts parsing.
04-04-2022 15:23:56.799 [Gauge] [ERROR] Concept parse failure: C:\Users\testinium\Ozdilek\specs\Login.cpt C:\Users\testinium\Ozdilek\specs\LoginPageControl.cpt:6 Dynamic parameter <5> could not be resolved => '<5> saniye kadar bekle'
04-04-2022 15:23:56.799 [Gauge] [ERROR] Concept parse failure: C:\Users\testinium\Ozdilek\specs\Login.cpt C:\Users\testinium\Ozdilek\specs\Home.cpt:35 Dynamic parameter <text> could not be resolved => 'xpath "//*[@resource-id='com.ozdilek.ozdilekteyim:id/relLaySizeView']/android.widget.TextView" li elementi bul ve <text> ini kontrol et'
04-04-2022 15:23:56.799 [Gauge] [ERROR] Concept parse failure: C:\Users\testinium\Ozdilek\specs\Login.cpt C:\Users\testinium\Ozdilek\specs\Home.cpt:18 Duplicate concept definition found => 'Pantolon Kategorisine tıkla'
04-04-2022 15:23:56.799 [Gauge] [ERROR] Concept parse failure: C:\Users\testinium\Ozdilek\specs\Login.cpt C:\Users\testinium\Ozdilek\specs\Pantaloons.cpt:5 Duplicate concept definition found => 'Pantolon Kategorisine tıkla'
04-04-2022 15:23:56.799 [Gauge] [ERROR] Concept parse failure: C:\Users\testinium\Ozdilek\specs\Login.cpt C:\Users\testinium\Ozdilek\specs\Home.cpt:26 Duplicate concept definition found => 'Sayfayı aşağı doğru kaydır(scroll)'
04-04-2022 15:23:56.799 [Gauge] [ERROR] Concept parse failure: C:\Users\testinium\Ozdilek\specs\Login.cpt C:\Users\testinium\Ozdilek\specs\Home.cpt:22 Duplicate concept definition found => 'Sayfayı aşağı doğru kaydır(scroll)'
04-04-2022 15:23:56.799 [Gauge] [ERROR] Concept parse failure: C:\Users\testinium\Ozdilek\specs\Login.cpt C:\Users\testinium\Ozdilek\specs\Home.cpt:38 Duplicate concept definition found => 'Favoriler butonuna tıkla'
04-04-2022 15:23:56.799 [Gauge] [ERROR] Concept parse failure: C:\Users\testinium\Ozdilek\specs\Login.cpt C:\Users\testinium\Ozdilek\specs\FavoriButtons.cpt:4 Duplicate concept definition found => 'Favoriler butonuna tıkla'
04-04-2022 15:23:56.799 [Gauge] [ERROR] Concept parse failure: C:\Users\testinium\Ozdilek\specs\Login.cpt C:\Users\testinium\Ozdilek\specs\Home.cpt:42 Duplicate concept definition found => 'Giriş sayfasının açıldığını doğrula'
04-04-2022 15:23:56.799 [Gauge] [ERROR] Concept parse failure: C:\Users\testinium\Ozdilek\specs\Login.cpt C:\Users\testinium\Ozdilek\specs\LoginPageControl.cpt:4 Duplicate concept definition found => 'Giriş sayfasının açıldığını doğrula'
04-04-2022 15:23:56.799 [Gauge] [ERROR] Concept parse failure: C:\Users\testinium\Ozdilek\specs\Login.cpt C:\Users\testinium\Ozdilek\specs\ProductDetailControl.cpt:5 Dynamic parameter <text> could not be resolved => 'xpath "//*[@resource-id='com.ozdilek.ozdilekteyim:id/relLaySizeView']/android.widget.TextView" li elementi bul ve <text> ini kontrol et'
04-04-2022 15:23:56.799 [Gauge] [ERROR] Concept parse failure: C:\Users\testinium\Ozdilek\specs\Login.cpt C:\Users\testinium\Ozdilek\specs\SwipeDown.cpt:4 Duplicate concept definition found => 'Sayfayı aşağı doğru kaydır(scroll)'
04-04-2022 15:23:56.799 [Gauge] [ERROR] Concept parse failure: C:\Users\testinium\Ozdilek\specs\Login.cpt C:\Users\testinium\Ozdilek\specs\Home.cpt:26 Duplicate concept definition found => 'Sayfayı aşağı doğru kaydır(scroll)'
04-04-2022 15:23:56.799 [Gauge] [ERROR] [ParseError] C:\Users\testinium\Ozdilek\specs\LoginPageControl.cpt:6 Dynamic parameter <5> could not be resolved => '<5> saniye kadar bekle'
04-04-2022 15:23:56.799 [Gauge] [ERROR] [ParseError] C:\Users\testinium\Ozdilek\specs\Home.cpt:35 Dynamic parameter <text> could not be resolved => 'xpath "//*[@resource-id='com.ozdilek.ozdilekteyim:id/relLaySizeView']/android.widget.TextView" li elementi bul ve <text> ini kontrol et'
04-04-2022 15:23:56.799 [Gauge] [ERROR] [ParseError] C:\Users\testinium\Ozdilek\specs\Home.cpt:18 Duplicate concept definition found => 'Pantolon Kategorisine tıkla'
04-04-2022 15:23:56.799 [Gauge] [ERROR] [ParseError] C:\Users\testinium\Ozdilek\specs\Pantaloons.cpt:5 Duplicate concept definition found => 'Pantolon Kategorisine tıkla'
04-04-2022 15:23:56.799 [Gauge] [ERROR] [ParseError] C:\Users\testinium\Ozdilek\specs\Home.cpt:26 Duplicate concept definition found => 'Sayfayı aşağı doğru kaydır(scroll)'
04-04-2022 15:23:56.799 [Gauge] [ERROR] [ParseError] C:\Users\testinium\Ozdilek\specs\Home.cpt:22 Duplicate concept definition found => 'Sayfayı aşağı doğru kaydır(scroll)'
04-04-2022 15:23:56.799 [Gauge] [ERROR] [ParseError] C:\Users\testinium\Ozdilek\specs\Home.cpt:38 Duplicate concept definition found => 'Favoriler butonuna tıkla'
04-04-2022 15:23:56.799 [Gauge] [ERROR] [ParseError] C:\Users\testinium\Ozdilek\specs\FavoriButtons.cpt:4 Duplicate concept definition found => 'Favoriler butonuna tıkla'
04-04-2022 15:23:56.799 [Gauge] [ERROR] [ParseError] C:\Users\testinium\Ozdilek\specs\Home.cpt:42 Duplicate concept definition found => 'Giriş sayfasının açıldığını doğrula'
04-04-2022 15:23:56.799 [Gauge] [ERROR] [ParseError] C:\Users\testinium\Ozdilek\specs\LoginPageControl.cpt:4 Duplicate concept definition found => 'Giriş sayfasının açıldığını doğrula'
04-04-2022 15:23:56.799 [Gauge] [ERROR] [ParseError] C:\Users\testinium\Ozdilek\specs\ProductDetailControl.cpt:5 Dynamic parameter <text> could not be resolved => 'xpath "//*[@resource-id='com.ozdilek.ozdilekteyim:id/relLaySizeView']/android.widget.TextView" li elementi bul ve <text> ini kontrol et'
04-04-2022 15:23:56.799 [Gauge] [ERROR] [ParseError] C:\Users\testinium\Ozdilek\specs\SwipeDown.cpt:4 Duplicate concept definition found => 'Sayfayı aşağı doğru kaydır(scroll)'
04-04-2022 15:23:56.799 [Gauge] [ERROR] [ParseError] C:\Users\testinium\Ozdilek\specs\Home.cpt:26 Duplicate concept definition found => 'Sayfayı aşağı doğru kaydır(scroll)'
04-04-2022 15:23:56.799 [Gauge] [DEBUG] 21 concepts parsing completed.
04-04-2022 15:23:56.799 [Gauge] [DEBUG] Started specifications parsing.
04-04-2022 15:23:56.803 [Gauge] [DEBUG] 1 specifications parsing completed.
04-04-2022 15:23:56.803 [Gauge] [DEBUG] Parsing completed.
04-04-2022 15:23:56.806 [Gauge] [DEBUG] Staring java runner
04-04-2022 15:23:56.887 [java] [DEBUG] classpath set to C:\Program Files\Java\jdk-18!\java.base;C:\Program Files\Java\jdk-18!\java.compiler;C:\Program Files\Java\jdk-18!\java.datatransfer;C:\Program Files\Java\jdk-18!\java.desktop;C:\Program Files\Java\jdk-18!\java.instrument;C:\Program Files\Java\jdk-18!\java.logging;C:\Program Files\Java\jdk-18!\java.management;C:\Program Files\Java\jdk-18!\java.management.rmi;C:\Program Files\Java\jdk-18!\java.naming;C:\Program Files\Java\jdk-18!\java.net.http;C:\Program Files\Java\jdk-18!\java.prefs;C:\Program Files\Java\jdk-18!\java.rmi;C:\Program Files\Java\jdk-18!\java.scripting;C:\Program Files\Java\jdk-18!\java.se;C:\Program Files\Java\jdk-18!\java.security.jgss;C:\Program Files\Java\jdk-18!\java.security.sasl;C:\Program Files\Java\jdk-18!\java.smartcardio;C:\Program Files\Java\jdk-18!\java.sql;C:\Program Files\Java\jdk-18!\java.sql.rowset;C:\Program Files\Java\jdk-18!\java.transaction.xa;C:\Program Files\Java\jdk-18!\java.xml;C:\Program Files\Java\jdk-18!\java.xml.crypto;C:\Program Files\Java\jdk-18!\jdk.accessibility;C:\Program Files\Java\jdk-18!\jdk.attach;C:\Program Files\Java\jdk-18!\jdk.charsets;C:\Program Files\Java\jdk-18!\jdk.compiler;C:\Program Files\Java\jdk-18!\jdk.crypto.cryptoki;C:\Program Files\Java\jdk-18!\jdk.crypto.ec;C:\Program Files\Java\jdk-18!\jdk.crypto.mscapi;C:\Program Files\Java\jdk-18!\jdk.dynalink;C:\Program Files\Java\jdk-18!\jdk.editpad;C:\Program Files\Java\jdk-18!\jdk.hotspot.agent;C:\Program Files\Java\jdk-18!\jdk.httpserver;C:\Program Files\Java\jdk-18!\jdk.incubator.foreign;C:\Program Files\Java\jdk-18!\jdk.incubator.vector;C:\Program Files\Java\jdk-18!\jdk.internal.ed;C:\Program Files\Java\jdk-18!\jdk.internal.jvmstat;C:\Program Files\Java\jdk-18!\jdk.internal.le;C:\Program Files\Java\jdk-18!\jdk.internal.opt;C:\Program Files\Java\jdk-18!\jdk.internal.vm.ci;C:\Program Files\Java\jdk-18!\jdk.internal.vm.compiler;C:\Program Files\Java\jdk-18!\jdk.internal.vm.compiler.management;C:\Program Files\Java\jdk-18!\jdk.jartool;C:\Program Files\Java\jdk-18!\jdk.javadoc;C:\Program Files\Java\jdk-18!\jdk.jcmd;C:\Program Files\Java\jdk-18!\jdk.jconsole;C:\Program Files\Java\jdk-18!\jdk.jdeps;C:\Program Files\Java\jdk-18!\jdk.jdi;C:\Program Files\Java\jdk-18!\jdk.jdwp.agent;C:\Program Files\Java\jdk-18!\jdk.jfr;C:\Program Files\Java\jdk-18!\jdk.jlink;C:\Program Files\Java\jdk-18!\jdk.jpackage;C:\Program Files\Java\jdk-18!\jdk.jshell;C:\Program Files\Java\jdk-18!\jdk.jsobject;C:\Program Files\Java\jdk-18!\jdk.jstatd;C:\Program Files\Java\jdk-18!\jdk.localedata;C:\Program Files\Java\jdk-18!\jdk.management;C:\Program Files\Java\jdk-18!\jdk.management.agent;C:\Program Files\Java\jdk-18!\jdk.management.jfr;C:\Program Files\Java\jdk-18!\jdk.naming.dns;C:\Program Files\Java\jdk-18!\jdk.naming.rmi;C:\Program Files\Java\jdk-18!\jdk.net;C:\Program Files\Java\jdk-18!\jdk.nio.mapmode;C:\Program Files\Java\jdk-18!\jdk.random;C:\Program Files\Java\jdk-18!\jdk.sctp;C:\Program Files\Java\jdk-18!\jdk.security.auth;C:\Program Files\Java\jdk-18!\jdk.security.jgss;C:\Program Files\Java\jdk-18!\jdk.unsupported;C:\Program Files\Java\jdk-18!\jdk.unsupported.desktop;C:\Program Files\Java\jdk-18!\jdk.xml.dom;C:\Program Files\Java\jdk-18!\jdk.zipfs;C:\Users\testinium\Ozdilek\target\test-classes;C:\Users\testinium\.m2\repository\junit\junit\4.12\junit-4.12.jar;C:\Users\testinium\.m2\repository\org\hamcrest\hamcrest-core\1.3\hamcrest-core-1.3.jar;C:\Users\testinium\.m2\repository\com\thoughtworks\gauge\gauge-java\0.7.15\gauge-java-0.7.15.jar;C:\Users\testinium\.m2\repository\org\assertj\assertj-core\3.19.0\assertj-core-3.19.0.jar;C:\Users\testinium\.m2\repository\org\reflections\reflections\0.9.9\reflections-0.9.9.jar;C:\Users\testinium\.m2\repository\org\javassist\javassist\3.18.2-GA\javassist-3.18.2-GA.jar;C:\Users\testinium\.m2\repository\com\google\code\findbugs\annotations\2.0.1\annotations-2.0.1.jar;C:\Users\testinium\.m2\repository\com\github\javaparser\javaparser-core\3.16.3\javaparser-core-3.16.3.jar;C:\Users\testinium\.m2\repository\commons-io\commons-io\2.8.0\commons-io-2.8.0.jar;C:\Users\testinium\.m2\repository\commons-lang\commons-lang\2.6\commons-lang-2.6.jar;C:\Users\testinium\.m2\repository\org\json\json\20210307\json-20210307.jar;C:\Users\testinium\.m2\repository\com\google\protobuf\protobuf-java\3.15.8\protobuf-java-3.15.8.jar;C:\Users\testinium\.m2\repository\com\google\guava\guava\30.1.1-jre\guava-30.1.1-jre.jar;C:\Users\testinium\.m2\repository\com\google\guava\failureaccess\1.0.1\failureaccess-1.0.1.jar;C:\Users\testinium\.m2\repository\com\google\guava\listenablefuture\9999.0-empty-to-avoid-conflict-with-guava\listenablefuture-9999.0-empty-to-avoid-conflict-with-guava.jar;C:\Users\testinium\.m2\repository\com\google\code\findbugs\jsr305\3.0.2\jsr305-3.0.2.jar;C:\Users\testinium\.m2\repository\org\checkerframework\checker-qual\3.8.0\checker-qual-3.8.0.jar;C:\Users\testinium\.m2\repository\com\google\errorprone\error_prone_annotations\2.5.1\error_prone_annotations-2.5.1.jar;C:\Users\testinium\.m2\repository\com\google\j2objc\j2objc-annotations\1.3\j2objc-annotations-1.3.jar;C:\Users\testinium\.m2\repository\io\grpc\grpc-netty-shaded\1.37.0\grpc-netty-shaded-1.37.0.jar;C:\Users\testinium\.m2\repository\io\grpc\grpc-core\1.37.0\grpc-core-1.37.0.jar;C:\Users\testinium\.m2\repository\com\google\android\annotations\4.1.1.4\annotations-4.1.1.4.jar;C:\Users\testinium\.m2\repository\io\perfmark\perfmark-api\0.23.0\perfmark-api-0.23.0.jar;C:\Users\testinium\.m2\repository\io\grpc\grpc-protobuf\1.37.0\grpc-protobuf-1.37.0.jar;C:\Users\testinium\.m2\repository\io\grpc\grpc-api\1.37.0\grpc-api-1.37.0.jar;C:\Users\testinium\.m2\repository\io\grpc\grpc-context\1.37.0\grpc-context-1.37.0.jar;C:\Users\testinium\.m2\repository\com\google\api\grpc\proto-google-common-protos\2.0.1\proto-google-common-protos-2.0.1.jar;C:\Users\testinium\.m2\repository\io\grpc\grpc-protobuf-lite\1.37.0\grpc-protobuf-lite-1.37.0.jar;C:\Users\testinium\.m2\repository\org\codehaus\mojo\animal-sniffer-annotations\1.19\animal-sniffer-annotations-1.19.jar;C:\Users\testinium\.m2\repository\io\grpc\grpc-stub\1.37.0\grpc-stub-1.37.0.jar;C:\Users\testinium\.m2\repository\javax\annotation\javax.annotation-api\1.3.2\javax.annotation-api-1.3.2.jar;C:\Users\testinium\.m2\repository\io\appium\java-client\7.3.0\java-client-7.3.0.jar;C:\Users\testinium\.m2\repository\org\seleniumhq\selenium\selenium-java\3.141.59\selenium-java-3.141.59.jar;C:\Users\testinium\.m2\repository\org\seleniumhq\selenium\selenium-chrome-driver\3.141.59\selenium-chrome-driver-3.141.59.jar;C:\Users\testinium\.m2\repository\org\seleniumhq\selenium\selenium-edge-driver\3.141.59\selenium-edge-driver-3.141.59.jar;C:\Users\testinium\.m2\repository\org\seleniumhq\selenium\selenium-firefox-driver\3.141.59\selenium-firefox-driver-3.141.59.jar;C:\Users\testinium\.m2\repository\org\seleniumhq\selenium\selenium-ie-driver\3.141.59\selenium-ie-driver-3.141.59.jar;C:\Users\testinium\.m2\repository\org\seleniumhq\selenium\selenium-opera-driver\3.141.59\selenium-opera-driver-3.141.59.jar;C:\Users\testinium\.m2\repository\org\seleniumhq\selenium\selenium-remote-driver\3.141.59\selenium-remote-driver-3.141.59.jar;C:\Users\testinium\.m2\repository\org\seleniumhq\selenium\selenium-safari-driver\3.141.59\selenium-safari-driver-3.141.59.jar;C:\Users\testinium\.m2\repository\net\bytebuddy\byte-buddy\1.8.15\byte-buddy-1.8.15.jar;C:\Users\testinium\.m2\repository\org\apache\commons\commons-exec\1.3\commons-exec-1.3.jar;C:\Users\testinium\.m2\repository\com\squareup\okhttp3\okhttp\3.11.0\okhttp-3.11.0.jar;C:\Users\testinium\.m2\repository\com\squareup\okio\okio\1.14.0\okio-1.14.0.jar;C:\Users\testinium\.m2\repository\org\seleniumhq\selenium\selenium-support\3.141.59\selenium-support-3.141.59.jar;C:\Users\testinium\.m2\repository\org\seleniumhq\selenium\selenium-api\3.141.59\selenium-api-3.141.59.jar;C:\Users\testinium\.m2\repository\com\google\code\gson\gson\2.8.5\gson-2.8.5.jar;C:\Users\testinium\.m2\repository\org\apache\httpcomponents\httpclient\4.5.9\httpclient-4.5.9.jar;C:\Users\testinium\.m2\repository\org\apache\httpcomponents\httpcore\4.4.11\httpcore-4.4.11.jar;C:\Users\testinium\.m2\repository\commons-logging\commons-logging\1.2\commons-logging-1.2.jar;C:\Users\testinium\.m2\repository\commons-codec\commons-codec\1.11\commons-codec-1.11.jar;C:\Users\testinium\.m2\repository\cglib\cglib\3.2.12\cglib-3.2.12.jar;C:\Users\testinium\.m2\repository\org\ow2\asm\asm\7.1\asm-7.1.jar;C:\Users\testinium\.m2\repository\commons-validator\commons-validator\1.6\commons-validator-1.6.jar;C:\Users\testinium\.m2\repository\commons-beanutils\commons-beanutils\1.9.2\commons-beanutils-1.9.2.jar;C:\Users\testinium\.m2\repository\commons-digester\commons-digester\1.8.1\commons-digester-1.8.1.jar;C:\Users\testinium\.m2\repository\commons-collections\commons-collections\3.2.2\commons-collections-3.2.2.jar;C:\Users\testinium\.m2\repository\org\apache\commons\commons-lang3\3.9\commons-lang3-3.9.jar;C:\Users\testinium\.m2\repository\org\springframework\spring-context\5.1.8.RELEASE\spring-context-5.1.8.RELEASE.jar;C:\Users\testinium\.m2\repository\org\springframework\spring-aop\5.1.8.RELEASE\spring-aop-5.1.8.RELEASE.jar;C:\Users\testinium\.m2\repository\org\springframework\spring-beans\5.1.8.RELEASE\spring-beans-5.1.8.RELEASE.jar;C:\Users\testinium\.m2\repository\org\springframework\spring-core\5.1.8.RELEASE\spring-core-5.1.8.RELEASE.jar;C:\Users\testinium\.m2\repository\org\springframework\spring-jcl\5.1.8.RELEASE\spring-jcl-5.1.8.RELEASE.jar;C:\Users\testinium\.m2\repository\org\springframework\spring-expression\5.1.8.RELEASE\spring-expression-5.1.8.RELEASE.jar;C:\Users\testinium\.m2\repository\org\aspectj\aspectjweaver\1.9.4\aspectjweaver-1.9.4.jar;C:\Users\testinium\.m2\repository\org\slf4j\slf4j-api\1.7.30\slf4j-api-1.7.30.jar;C:\Users\testinium\.m2\repository\org\slf4j\slf4j-log4j12\1.7.30\slf4j-log4j12-1.7.30.jar;C:\Users\testinium\.m2\repository\log4j\log4j\1.2.17\log4j-1.2.17.jar
04-04-2022 15:23:57.000 [java] [INFO] 
Runner Ready for Debugging
04-04-2022 15:23:58.005 [Gauge] [DEBUG] Checking updates...
04-04-2022 15:23:58.007 [Gauge] [DEBUG] Downloading https://downloads.gauge.org/plugin/html-report?l=java&p=html-report,java,screenshot,spectacle,xml-report&o=windows&a=386
04-04-2022 15:23:58.909 [Gauge] [DEBUG] Downloading https://downloads.gauge.org/plugin/java?l=java&p=html-report,java,screenshot,spectacle,xml-report&o=windows&a=386
04-04-2022 15:23:59.096 [Gauge] [DEBUG] Downloading https://downloads.gauge.org/plugin/screenshot?l=java&p=html-report,java,screenshot,spectacle,xml-report&o=windows&a=386
04-04-2022 15:23:59.368 [Gauge] [DEBUG] Downloading https://downloads.gauge.org/plugin/spectacle?l=java&p=html-report,java,screenshot,spectacle,xml-report&o=windows&a=386
04-04-2022 15:23:59.577 [Gauge] [DEBUG] Downloading https://downloads.gauge.org/plugin/xml-report?l=java&p=html-report,java,screenshot,spectacle,xml-report&o=windows&a=386
04-04-2022 15:24:03.190 [java] [CRITICAL] process C:\Program Files\Java\jdk-18\bin\java.exe with pid 11228 quit unexpectedly. exit status 1
04-04-2022 15:24:03.198 [Gauge] [DEBUG] Runner connection error: Runner with pid 7432 quit unexpectedly(exit status 1)
04-04-2022 15:24:03.198 [Gauge] [DEBUG] Error while killing runner: invalid argument
04-04-2022 15:24:03.198 [Gauge] [CRITICAL] Failed to start gauge API: Runner with pid 7432 quit unexpectedly(exit status 1)
04-04-2022 15:24:11.288 [Gauge] [DEBUG] Created gauge_screenshots_dir at C:\Users\testinium\Ozdilek\.gauge\screenshots
04-04-2022 15:24:11.290 [Gauge] [DEBUG] Plugin java is already installed.
04-04-2022 15:24:11.291 [Gauge] [DEBUG] Plugin html-report is already installed.
04-04-2022 15:24:11.292 [Gauge] [DEBUG] Parsing started.
04-04-2022 15:24:11.292 [Gauge] [DEBUG] Started concepts parsing.
04-04-2022 15:24:11.305 [Gauge] [ERROR] Concept parse failure: C:\Users\testinium\Ozdilek\specs\BackButtons.cpt C:\Users\testinium\Ozdilek\specs\Home.cpt:35 Dynamic parameter <text> could not be resolved => 'xpath "//*[@resource-id='com.ozdilek.ozdilekteyim:id/relLaySizeView']/android.widget.TextView" li elementi bul ve <text> ini kontrol et'
04-04-2022 15:24:11.305 [Gauge] [ERROR] Concept parse failure: C:\Users\testinium\Ozdilek\specs\BackButtons.cpt C:\Users\testinium\Ozdilek\specs\Home.cpt:22 Duplicate concept definition found => 'Sayfayı aşağı doğru kaydır(scroll)'
04-04-2022 15:24:11.305 [Gauge] [ERROR] Concept parse failure: C:\Users\testinium\Ozdilek\specs\BackButtons.cpt C:\Users\testinium\Ozdilek\specs\SwipeDown.cpt:4 Duplicate concept definition found => 'Sayfayı aşağı doğru kaydır(scroll)'
04-04-2022 15:24:11.305 [Gauge] [ERROR] Concept parse failure: C:\Users\testinium\Ozdilek\specs\BackButtons.cpt C:\Users\testinium\Ozdilek\specs\Home.cpt:26 Duplicate concept definition found => 'Sayfayı aşağı doğru kaydır(scroll)'
04-04-2022 15:24:11.305 [Gauge] [ERROR] Concept parse failure: C:\Users\testinium\Ozdilek\specs\BackButtons.cpt C:\Users\testinium\Ozdilek\specs\Home.cpt:22 Duplicate concept definition found => 'Sayfayı aşağı doğru kaydır(scroll)'
04-04-2022 15:24:11.305 [Gauge] [ERROR] Concept parse failure: C:\Users\testinium\Ozdilek\specs\BackButtons.cpt C:\Users\testinium\Ozdilek\specs\Home.cpt:38 Duplicate concept definition found => 'Favoriler butonuna tıkla'
04-04-2022 15:24:11.305 [Gauge] [ERROR] Concept parse failure: C:\Users\testinium\Ozdilek\specs\BackButtons.cpt C:\Users\testinium\Ozdilek\specs\FavoriButtons.cpt:4 Duplicate concept definition found => 'Favoriler butonuna tıkla'
04-04-2022 15:24:11.305 [Gauge] [ERROR] Concept parse failure: C:\Users\testinium\Ozdilek\specs\BackButtons.cpt C:\Users\testinium\Ozdilek\specs\LoginPageControl.cpt:6 Dynamic parameter <5> could not be resolved => '<5> saniye kadar bekle'
04-04-2022 15:24:11.305 [Gauge] [ERROR] Concept parse failure: C:\Users\testinium\Ozdilek\specs\BackButtons.cpt C:\Users\testinium\Ozdilek\specs\LoginPageControl.cpt:4 Duplicate concept definition found => 'Giriş sayfasının açıldığını doğrula'
04-04-2022 15:24:11.305 [Gauge] [ERROR] Concept parse failure: C:\Users\testinium\Ozdilek\specs\BackButtons.cpt C:\Users\testinium\Ozdilek\specs\Home.cpt:42 Duplicate concept definition found => 'Giriş sayfasının açıldığını doğrula'
04-04-2022 15:24:11.305 [Gauge] [ERROR] Concept parse failure: C:\Users\testinium\Ozdilek\specs\BackButtons.cpt C:\Users\testinium\Ozdilek\specs\Pantaloons.cpt:5 Duplicate concept definition found => 'Pantolon Kategorisine tıkla'
04-04-2022 15:24:11.305 [Gauge] [ERROR] Concept parse failure: C:\Users\testinium\Ozdilek\specs\BackButtons.cpt C:\Users\testinium\Ozdilek\specs\Home.cpt:18 Duplicate concept definition found => 'Pantolon Kategorisine tıkla'
04-04-2022 15:24:11.305 [Gauge] [ERROR] Concept parse failure: C:\Users\testinium\Ozdilek\specs\BackButtons.cpt C:\Users\testinium\Ozdilek\specs\ProductDetailControl.cpt:5 Dynamic parameter <text> could not be resolved => 'xpath "//*[@resource-id='com.ozdilek.ozdilekteyim:id/relLaySizeView']/android.widget.TextView" li elementi bul ve <text> ini kontrol et'
04-04-2022 15:24:11.305 [Gauge] [ERROR] [ParseError] C:\Users\testinium\Ozdilek\specs\Home.cpt:35 Dynamic parameter <text> could not be resolved => 'xpath "//*[@resource-id='com.ozdilek.ozdilekteyim:id/relLaySizeView']/android.widget.TextView" li elementi bul ve <text> ini kontrol et'
04-04-2022 15:24:11.306 [Gauge] [ERROR] [ParseError] C:\Users\testinium\Ozdilek\specs\Home.cpt:22 Duplicate concept definition found => 'Sayfayı aşağı doğru kaydır(scroll)'
04-04-2022 15:24:11.306 [Gauge] [ERROR] [ParseError] C:\Users\testinium\Ozdilek\specs\SwipeDown.cpt:4 Duplicate concept definition found => 'Sayfayı aşağı doğru kaydır(scroll)'
04-04-2022 15:24:11.306 [Gauge] [ERROR] [ParseError] C:\Users\testinium\Ozdilek\specs\Home.cpt:26 Duplicate concept definition found => 'Sayfayı aşağı doğru kaydır(scroll)'
04-04-2022 15:24:11.306 [Gauge] [ERROR] [ParseError] C:\Users\testinium\Ozdilek\specs\Home.cpt:22 Duplicate concept definition found => 'Sayfayı aşağı doğru kaydır(scroll)'
04-04-2022 15:24:11.306 [Gauge] [ERROR] [ParseError] C:\Users\testinium\Ozdilek\specs\Home.cpt:38 Duplicate concept definition found => 'Favoriler butonuna tıkla'
04-04-2022 15:24:11.306 [Gauge] [ERROR] [ParseError] C:\Users\testinium\Ozdilek\specs\FavoriButtons.cpt:4 Duplicate concept definition found => 'Favoriler butonuna tıkla'
04-04-2022 15:24:11.306 [Gauge] [ERROR] [ParseError] C:\Users\testinium\Ozdilek\specs\LoginPageControl.cpt:6 Dynamic parameter <5> could not be resolved => '<5> saniye kadar bekle'
04-04-2022 15:24:11.306 [Gauge] [ERROR] [ParseError] C:\Users\testinium\Ozdilek\specs\LoginPageControl.cpt:4 Duplicate concept definition found => 'Giriş sayfasının açıldığını doğrula'
04-04-2022 15:24:11.306 [Gauge] [ERROR] [ParseError] C:\Users\testinium\Ozdilek\specs\Home.cpt:42 Duplicate concept definition found => 'Giriş sayfasının açıldığını doğrula'
04-04-2022 15:24:11.306 [Gauge] [ERROR] [ParseError] C:\Users\testinium\Ozdilek\specs\Pantaloons.cpt:5 Duplicate concept definition found => 'Pantolon Kategorisine tıkla'
04-04-2022 15:24:11.306 [Gauge] [ERROR] [ParseError] C:\Users\testinium\Ozdilek\specs\Home.cpt:18 Duplicate concept definition found => 'Pantolon Kategorisine tıkla'
04-04-2022 15:24:11.306 [Gauge] [ERROR] [ParseError] C:\Users\testinium\Ozdilek\specs\ProductDetailControl.cpt:5 Dynamic parameter <text> could not be resolved => 'xpath "//*[@resource-id='com.ozdilek.ozdilekteyim:id/relLaySizeView']/android.widget.TextView" li elementi bul ve <text> ini kontrol et'
04-04-2022 15:24:11.306 [Gauge] [DEBUG] 21 concepts parsing completed.
04-04-2022 15:24:11.306 [Gauge] [DEBUG] Started specifications parsing.
04-04-2022 15:24:11.309 [Gauge] [DEBUG] 1 specifications parsing completed.
04-04-2022 15:24:11.309 [Gauge] [DEBUG] Parsing completed.
04-04-2022 15:24:11.312 [Gauge] [DEBUG] Staring java runner
04-04-2022 15:24:11.361 [java] [DEBUG] classpath set to C:\Program Files\Java\jdk-18!\java.base;C:\Program Files\Java\jdk-18!\java.compiler;C:\Program Files\Java\jdk-18!\java.datatransfer;C:\Program Files\Java\jdk-18!\java.desktop;C:\Program Files\Java\jdk-18!\java.instrument;C:\Program Files\Java\jdk-18!\java.logging;C:\Program Files\Java\jdk-18!\java.management;C:\Program Files\Java\jdk-18!\java.management.rmi;C:\Program Files\Java\jdk-18!\java.naming;C:\Program Files\Java\jdk-18!\java.net.http;C:\Program Files\Java\jdk-18!\java.prefs;C:\Program Files\Java\jdk-18!\java.rmi;C:\Program Files\Java\jdk-18!\java.scripting;C:\Program Files\Java\jdk-18!\java.se;C:\Program Files\Java\jdk-18!\java.security.jgss;C:\Program Files\Java\jdk-18!\java.security.sasl;C:\Program Files\Java\jdk-18!\java.smartcardio;C:\Program Files\Java\jdk-18!\java.sql;C:\Program Files\Java\jdk-18!\java.sql.rowset;C:\Program Files\Java\jdk-18!\java.transaction.xa;C:\Program Files\Java\jdk-18!\java.xml;C:\Program Files\Java\jdk-18!\java.xml.crypto;C:\Program Files\Java\jdk-18!\jdk.accessibility;C:\Program Files\Java\jdk-18!\jdk.attach;C:\Program Files\Java\jdk-18!\jdk.charsets;C:\Program Files\Java\jdk-18!\jdk.compiler;C:\Program Files\Java\jdk-18!\jdk.crypto.cryptoki;C:\Program Files\Java\jdk-18!\jdk.crypto.ec;C:\Program Files\Java\jdk-18!\jdk.crypto.mscapi;C:\Program Files\Java\jdk-18!\jdk.dynalink;C:\Program Files\Java\jdk-18!\jdk.editpad;C:\Program Files\Java\jdk-18!\jdk.hotspot.agent;C:\Program Files\Java\jdk-18!\jdk.httpserver;C:\Program Files\Java\jdk-18!\jdk.incubator.foreign;C:\Program Files\Java\jdk-18!\jdk.incubator.vector;C:\Program Files\Java\jdk-18!\jdk.internal.ed;C:\Program Files\Java\jdk-18!\jdk.internal.jvmstat;C:\Program Files\Java\jdk-18!\jdk.internal.le;C:\Program Files\Java\jdk-18!\jdk.internal.opt;C:\Program Files\Java\jdk-18!\jdk.internal.vm.ci;C:\Program Files\Java\jdk-18!\jdk.internal.vm.compiler;C:\Program Files\Java\jdk-18!\jdk.internal.vm.compiler.management;C:\Program Files\Java\jdk-18!\jdk.jartool;C:\Program Files\Java\jdk-18!\jdk.javadoc;C:\Program Files\Java\jdk-18!\jdk.jcmd;C:\Program Files\Java\jdk-18!\jdk.jconsole;C:\Program Files\Java\jdk-18!\jdk.jdeps;C:\Program Files\Java\jdk-18!\jdk.jdi;C:\Program Files\Java\jdk-18!\jdk.jdwp.agent;C:\Program Files\Java\jdk-18!\jdk.jfr;C:\Program Files\Java\jdk-18!\jdk.jlink;C:\Program Files\Java\jdk-18!\jdk.jpackage;C:\Program Files\Java\jdk-18!\jdk.jshell;C:\Program Files\Java\jdk-18!\jdk.jsobject;C:\Program Files\Java\jdk-18!\jdk.jstatd;C:\Program Files\Java\jdk-18!\jdk.localedata;C:\Program Files\Java\jdk-18!\jdk.management;C:\Program Files\Java\jdk-18!\jdk.management.agent;C:\Program Files\Java\jdk-18!\jdk.management.jfr;C:\Program Files\Java\jdk-18!\jdk.naming.dns;C:\Program Files\Java\jdk-18!\jdk.naming.rmi;C:\Program Files\Java\jdk-18!\jdk.net;C:\Program Files\Java\jdk-18!\jdk.nio.mapmode;C:\Program Files\Java\jdk-18!\jdk.random;C:\Program Files\Java\jdk-18!\jdk.sctp;C:\Program Files\Java\jdk-18!\jdk.security.auth;C:\Program Files\Java\jdk-18!\jdk.security.jgss;C:\Program Files\Java\jdk-18!\jdk.unsupported;C:\Program Files\Java\jdk-18!\jdk.unsupported.desktop;C:\Program Files\Java\jdk-18!\jdk.xml.dom;C:\Program Files\Java\jdk-18!\jdk.zipfs;C:\Users\testinium\Ozdilek\target\test-classes;C:\Users\testinium\.m2\repository\junit\junit\4.12\junit-4.12.jar;C:\Users\testinium\.m2\repository\org\hamcrest\hamcrest-core\1.3\hamcrest-core-1.3.jar;C:\Users\testinium\.m2\repository\com\thoughtworks\gauge\gauge-java\0.7.15\gauge-java-0.7.15.jar;C:\Users\testinium\.m2\repository\org\assertj\assertj-core\3.19.0\assertj-core-3.19.0.jar;C:\Users\testinium\.m2\repository\org\reflections\reflections\0.9.9\reflections-0.9.9.jar;C:\Users\testinium\.m2\repository\org\javassist\javassist\3.18.2-GA\javassist-3.18.2-GA.jar;C:\Users\testinium\.m2\repository\com\google\code\findbugs\annotations\2.0.1\annotations-2.0.1.jar;C:\Users\testinium\.m2\repository\com\github\javaparser\javaparser-core\3.16.3\javaparser-core-3.16.3.jar;C:\Users\testinium\.m2\repository\commons-io\commons-io\2.8.0\commons-io-2.8.0.jar;C:\Users\testinium\.m2\repository\commons-lang\commons-lang\2.6\commons-lang-2.6.jar;C:\Users\testinium\.m2\repository\org\json\json\20210307\json-20210307.jar;C:\Users\testinium\.m2\repository\com\google\protobuf\protobuf-java\3.15.8\protobuf-java-3.15.8.jar;C:\Users\testinium\.m2\repository\com\google\guava\guava\30.1.1-jre\guava-30.1.1-jre.jar;C:\Users\testinium\.m2\repository\com\google\guava\failureaccess\1.0.1\failureaccess-1.0.1.jar;C:\Users\testinium\.m2\repository\com\google\guava\listenablefuture\9999.0-empty-to-avoid-conflict-with-guava\listenablefuture-9999.0-empty-to-avoid-conflict-with-guava.jar;C:\Users\testinium\.m2\repository\com\google\code\findbugs\jsr305\3.0.2\jsr305-3.0.2.jar;C:\Users\testinium\.m2\repository\org\checkerframework\checker-qual\3.8.0\checker-qual-3.8.0.jar;C:\Users\testinium\.m2\repository\com\google\errorprone\error_prone_annotations\2.5.1\error_prone_annotations-2.5.1.jar;C:\Users\testinium\.m2\repository\com\google\j2objc\j2objc-annotations\1.3\j2objc-annotations-1.3.jar;C:\Users\testinium\.m2\repository\io\grpc\grpc-netty-shaded\1.37.0\grpc-netty-shaded-1.37.0.jar;C:\Users\testinium\.m2\repository\io\grpc\grpc-core\1.37.0\grpc-core-1.37.0.jar;C:\Users\testinium\.m2\repository\com\google\android\annotations\4.1.1.4\annotations-4.1.1.4.jar;C:\Users\testinium\.m2\repository\io\perfmark\perfmark-api\0.23.0\perfmark-api-0.23.0.jar;C:\Users\testinium\.m2\repository\io\grpc\grpc-protobuf\1.37.0\grpc-protobuf-1.37.0.jar;C:\Users\testinium\.m2\repository\io\grpc\grpc-api\1.37.0\grpc-api-1.37.0.jar;C:\Users\testinium\.m2\repository\io\grpc\grpc-context\1.37.0\grpc-context-1.37.0.jar;C:\Users\testinium\.m2\repository\com\google\api\grpc\proto-google-common-protos\2.0.1\proto-google-common-protos-2.0.1.jar;C:\Users\testinium\.m2\repository\io\grpc\grpc-protobuf-lite\1.37.0\grpc-protobuf-lite-1.37.0.jar;C:\Users\testinium\.m2\repository\org\codehaus\mojo\animal-sniffer-annotations\1.19\animal-sniffer-annotations-1.19.jar;C:\Users\testinium\.m2\repository\io\grpc\grpc-stub\1.37.0\grpc-stub-1.37.0.jar;C:\Users\testinium\.m2\repository\javax\annotation\javax.annotation-api\1.3.2\javax.annotation-api-1.3.2.jar;C:\Users\testinium\.m2\repository\io\appium\java-client\7.3.0\java-client-7.3.0.jar;C:\Users\testinium\.m2\repository\org\seleniumhq\selenium\selenium-java\3.141.59\selenium-java-3.141.59.jar;C:\Users\testinium\.m2\repository\org\seleniumhq\selenium\selenium-chrome-driver\3.141.59\selenium-chrome-driver-3.141.59.jar;C:\Users\testinium\.m2\repository\org\seleniumhq\selenium\selenium-edge-driver\3.141.59\selenium-edge-driver-3.141.59.jar;C:\Users\testinium\.m2\repository\org\seleniumhq\selenium\selenium-firefox-driver\3.141.59\selenium-firefox-driver-3.141.59.jar;C:\Users\testinium\.m2\repository\org\seleniumhq\selenium\selenium-ie-driver\3.141.59\selenium-ie-driver-3.141.59.jar;C:\Users\testinium\.m2\repository\org\seleniumhq\selenium\selenium-opera-driver\3.141.59\selenium-opera-driver-3.141.59.jar;C:\Users\testinium\.m2\repository\org\seleniumhq\selenium\selenium-remote-driver\3.141.59\selenium-remote-driver-3.141.59.jar;C:\Users\testinium\.m2\repository\org\seleniumhq\selenium\selenium-safari-driver\3.141.59\selenium-safari-driver-3.141.59.jar;C:\Users\testinium\.m2\repository\net\bytebuddy\byte-buddy\1.8.15\byte-buddy-1.8.15.jar;C:\Users\testinium\.m2\repository\org\apache\commons\commons-exec\1.3\commons-exec-1.3.jar;C:\Users\testinium\.m2\repository\com\squareup\okhttp3\okhttp\3.11.0\okhttp-3.11.0.jar;C:\Users\testinium\.m2\repository\com\squareup\okio\okio\1.14.0\okio-1.14.0.jar;C:\Users\testinium\.m2\repository\org\seleniumhq\selenium\selenium-support\3.141.59\selenium-support-3.141.59.jar;C:\Users\testinium\.m2\repository\org\seleniumhq\selenium\selenium-api\3.141.59\selenium-api-3.141.59.jar;C:\Users\testinium\.m2\repository\com\google\code\gson\gson\2.8.5\gson-2.8.5.jar;C:\Users\testinium\.m2\repository\org\apache\httpcomponents\httpclient\4.5.9\httpclient-4.5.9.jar;C:\Users\testinium\.m2\repository\org\apache\httpcomponents\httpcore\4.4.11\httpcore-4.4.11.jar;C:\Users\testinium\.m2\repository\commons-logging\commons-logging\1.2\commons-logging-1.2.jar;C:\Users\testinium\.m2\repository\commons-codec\commons-codec\1.11\commons-codec-1.11.jar;C:\Users\testinium\.m2\repository\cglib\cglib\3.2.12\cglib-3.2.12.jar;C:\Users\testinium\.m2\repository\org\ow2\asm\asm\7.1\asm-7.1.jar;C:\Users\testinium\.m2\repository\commons-validator\commons-validator\1.6\commons-validator-1.6.jar;C:\Users\testinium\.m2\repository\commons-beanutils\commons-beanutils\1.9.2\commons-beanutils-1.9.2.jar;C:\Users\testinium\.m2\repository\commons-digester\commons-digester\1.8.1\commons-digester-1.8.1.jar;C:\Users\testinium\.m2\repository\commons-collections\commons-collections\3.2.2\commons-collections-3.2.2.jar;C:\Users\testinium\.m2\repository\org\apache\commons\commons-lang3\3.9\commons-lang3-3.9.jar;C:\Users\testinium\.m2\repository\org\springframework\spring-context\5.1.8.RELEASE\spring-context-5.1.8.RELEASE.jar;C:\Users\testinium\.m2\repository\org\springframework\spring-aop\5.1.8.RELEASE\spring-aop-5.1.8.RELEASE.jar;C:\Users\testinium\.m2\repository\org\springframework\spring-beans\5.1.8.RELEASE\spring-beans-5.1.8.RELEASE.jar;C:\Users\testinium\.m2\repository\org\springframework\spring-core\5.1.8.RELEASE\spring-core-5.1.8.RELEASE.jar;C:\Users\testinium\.m2\repository\org\springframework\spring-jcl\5.1.8.RELEASE\spring-jcl-5.1.8.RELEASE.jar;C:\Users\testinium\.m2\repository\org\springframework\spring-expression\5.1.8.RELEASE\spring-expression-5.1.8.RELEASE.jar;C:\Users\testinium\.m2\repository\org\aspectj\aspectjweaver\1.9.4\aspectjweaver-1.9.4.jar;C:\Users\testinium\.m2\repository\org\slf4j\slf4j-api\1.7.30\slf4j-api-1.7.30.jar;C:\Users\testinium\.m2\repository\org\slf4j\slf4j-log4j12\1.7.30\slf4j-log4j12-1.7.30.jar;C:\Users\testinium\.m2\repository\log4j\log4j\1.2.17\log4j-1.2.17.jar
04-04-2022 15:24:11.714 [java] [CRITICAL] process C:\Program Files\Java\jdk-18\bin\java.exe with pid 2760 quit unexpectedly. exit status 1
04-04-2022 15:24:11.721 [Gauge] [DEBUG] Runner connection error: Runner with pid 8332 quit unexpectedly(exit status 1)
04-04-2022 15:24:11.721 [Gauge] [DEBUG] Error while killing runner: invalid argument
04-04-2022 15:24:11.721 [Gauge] [CRITICAL] Failed to start gauge API: Runner with pid 8332 quit unexpectedly(exit status 1)
04-04-2022 15:42:26.867 [Gauge] [DEBUG] Created gauge_screenshots_dir at C:\Users\testinium\Ozdilek\.gauge\screenshots
04-04-2022 15:42:26.869 [Gauge] [DEBUG] Plugin java is already installed.
04-04-2022 15:42:26.870 [Gauge] [DEBUG] Plugin html-report is already installed.
04-04-2022 15:42:26.871 [Gauge] [DEBUG] Parsing started.
04-04-2022 15:42:26.871 [Gauge] [DEBUG] Started concepts parsing.
04-04-2022 15:42:26.886 [Gauge] [ERROR] Concept parse failure: C:\Users\testinium\Ozdilek\specs\FavoriButtons.cpt C:\Users\testinium\Ozdilek\specs\ProductDetailControl.cpt:5 Dynamic parameter <text> could not be resolved => 'xpath "//*[@resource-id='com.ozdilek.ozdilekteyim:id/relLaySizeView']/android.widget.TextView" li elementi bul ve <text> ini kontrol et'
04-04-2022 15:42:26.886 [Gauge] [ERROR] Concept parse failure: C:\Users\testinium\Ozdilek\specs\FavoriButtons.cpt C:\Users\testinium\Ozdilek\specs\LoginPageControl.cpt:6 Dynamic parameter <5> could not be resolved => '<5> saniye kadar bekle'
04-04-2022 15:42:26.886 [Gauge] [ERROR] Concept parse failure: C:\Users\testinium\Ozdilek\specs\FavoriButtons.cpt C:\Users\testinium\Ozdilek\specs\Home.cpt:35 Dynamic parameter <text> could not be resolved => 'xpath "//*[@resource-id='com.ozdilek.ozdilekteyim:id/relLaySizeView']/android.widget.TextView" li elementi bul ve <text> ini kontrol et'
04-04-2022 15:42:26.886 [Gauge] [ERROR] Concept parse failure: C:\Users\testinium\Ozdilek\specs\FavoriButtons.cpt C:\Users\testinium\Ozdilek\specs\Home.cpt:18 Duplicate concept definition found => 'Pantolon Kategorisine tıkla'
04-04-2022 15:42:26.886 [Gauge] [ERROR] Concept parse failure: C:\Users\testinium\Ozdilek\specs\FavoriButtons.cpt C:\Users\testinium\Ozdilek\specs\Pantaloons.cpt:5 Duplicate concept definition found => 'Pantolon Kategorisine tıkla'
04-04-2022 15:42:26.886 [Gauge] [ERROR] Concept parse failure: C:\Users\testinium\Ozdilek\specs\FavoriButtons.cpt C:\Users\testinium\Ozdilek\specs\Home.cpt:22 Duplicate concept definition found => 'Sayfayı aşağı doğru kaydır(scroll)'
04-04-2022 15:42:26.886 [Gauge] [ERROR] Concept parse failure: C:\Users\testinium\Ozdilek\specs\FavoriButtons.cpt C:\Users\testinium\Ozdilek\specs\SwipeDown.cpt:4 Duplicate concept definition found => 'Sayfayı aşağı doğru kaydır(scroll)'
04-04-2022 15:42:26.886 [Gauge] [ERROR] Concept parse failure: C:\Users\testinium\Ozdilek\specs\FavoriButtons.cpt C:\Users\testinium\Ozdilek\specs\Home.cpt:26 Duplicate concept definition found => 'Sayfayı aşağı doğru kaydır(scroll)'
04-04-2022 15:42:26.886 [Gauge] [ERROR] Concept parse failure: C:\Users\testinium\Ozdilek\specs\FavoriButtons.cpt C:\Users\testinium\Ozdilek\specs\Home.cpt:22 Duplicate concept definition found => 'Sayfayı aşağı doğru kaydır(scroll)'
04-04-2022 15:42:26.886 [Gauge] [ERROR] Concept parse failure: C:\Users\testinium\Ozdilek\specs\FavoriButtons.cpt C:\Users\testinium\Ozdilek\specs\Home.cpt:38 Duplicate concept definition found => 'Favoriler butonuna tıkla'
04-04-2022 15:42:26.886 [Gauge] [ERROR] Concept parse failure: C:\Users\testinium\Ozdilek\specs\FavoriButtons.cpt C:\Users\testinium\Ozdilek\specs\FavoriButtons.cpt:4 Duplicate concept definition found => 'Favoriler butonuna tıkla'
04-04-2022 15:42:26.887 [Gauge] [ERROR] Concept parse failure: C:\Users\testinium\Ozdilek\specs\FavoriButtons.cpt C:\Users\testinium\Ozdilek\specs\Home.cpt:42 Duplicate concept definition found => 'Giriş sayfasının açıldığını doğrula'
04-04-2022 15:42:26.887 [Gauge] [ERROR] Concept parse failure: C:\Users\testinium\Ozdilek\specs\FavoriButtons.cpt C:\Users\testinium\Ozdilek\specs\LoginPageControl.cpt:4 Duplicate concept definition found => 'Giriş sayfasının açıldığını doğrula'
04-04-2022 15:42:26.887 [Gauge] [ERROR] [ParseError] C:\Users\testinium\Ozdilek\specs\ProductDetailControl.cpt:5 Dynamic parameter <text> could not be resolved => 'xpath "//*[@resource-id='com.ozdilek.ozdilekteyim:id/relLaySizeView']/android.widget.TextView" li elementi bul ve <text> ini kontrol et'
04-04-2022 15:42:26.887 [Gauge] [ERROR] [ParseError] C:\Users\testinium\Ozdilek\specs\LoginPageControl.cpt:6 Dynamic parameter <5> could not be resolved => '<5> saniye kadar bekle'
04-04-2022 15:42:26.887 [Gauge] [ERROR] [ParseError] C:\Users\testinium\Ozdilek\specs\Home.cpt:35 Dynamic parameter <text> could not be resolved => 'xpath "//*[@resource-id='com.ozdilek.ozdilekteyim:id/relLaySizeView']/android.widget.TextView" li elementi bul ve <text> ini kontrol et'
04-04-2022 15:42:26.887 [Gauge] [ERROR] [ParseError] C:\Users\testinium\Ozdilek\specs\Home.cpt:18 Duplicate concept definition found => 'Pantolon Kategorisine tıkla'
04-04-2022 15:42:26.887 [Gauge] [ERROR] [ParseError] C:\Users\testinium\Ozdilek\specs\Pantaloons.cpt:5 Duplicate concept definition found => 'Pantolon Kategorisine tıkla'
04-04-2022 15:42:26.887 [Gauge] [ERROR] [ParseError] C:\Users\testinium\Ozdilek\specs\Home.cpt:22 Duplicate concept definition found => 'Sayfayı aşağı doğru kaydır(scroll)'
04-04-2022 15:42:26.887 [Gauge] [ERROR] [ParseError] C:\Users\testinium\Ozdilek\specs\SwipeDown.cpt:4 Duplicate concept definition found => 'Sayfayı aşağı doğru kaydır(scroll)'
04-04-2022 15:42:26.887 [Gauge] [ERROR] [ParseError] C:\Users\testinium\Ozdilek\specs\Home.cpt:26 Duplicate concept definition found => 'Sayfayı aşağı doğru kaydır(scroll)'
04-04-2022 15:42:26.887 [Gauge] [ERROR] [ParseError] C:\Users\testinium\Ozdilek\specs\Home.cpt:22 Duplicate concept definition found => 'Sayfayı aşağı doğru kaydır(scroll)'
04-04-2022 15:42:26.887 [Gauge] [ERROR] [ParseError] C:\Users\testinium\Ozdilek\specs\Home.cpt:38 Duplicate concept definition found => 'Favoriler butonuna tıkla'
04-04-2022 15:42:26.887 [Gauge] [ERROR] [ParseError] C:\Users\testinium\Ozdilek\specs\FavoriButtons.cpt:4 Duplicate concept definition found => 'Favoriler butonuna tıkla'
04-04-2022 15:42:26.887 [Gauge] [ERROR] [ParseError] C:\Users\testinium\Ozdilek\specs\Home.cpt:42 Duplicate concept definition found => 'Giriş sayfasının açıldığını doğrula'
04-04-2022 15:42:26.887 [Gauge] [ERROR] [ParseError] C:\Users\testinium\Ozdilek\specs\LoginPageControl.cpt:4 Duplicate concept definition found => 'Giriş sayfasının açıldığını doğrula'
04-04-2022 15:42:26.887 [Gauge] [DEBUG] 21 concepts parsing completed.
04-04-2022 15:42:26.888 [Gauge] [DEBUG] Started specifications parsing.
04-04-2022 15:42:26.889 [Gauge] [DEBUG] 1 specifications parsing completed.
04-04-2022 15:42:26.889 [Gauge] [DEBUG] Parsing completed.
04-04-2022 15:42:26.890 [Gauge] [DEBUG] Starting java runner
04-04-2022 15:42:26.938 [java] [DEBUG] classpath set to C:\Program Files\Java\jdk-18!\java.base;C:\Program Files\Java\jdk-18!\java.compiler;C:\Program Files\Java\jdk-18!\java.datatransfer;C:\Program Files\Java\jdk-18!\java.desktop;C:\Program Files\Java\jdk-18!\java.instrument;C:\Program Files\Java\jdk-18!\java.logging;C:\Program Files\Java\jdk-18!\java.management;C:\Program Files\Java\jdk-18!\java.management.rmi;C:\Program Files\Java\jdk-18!\java.naming;C:\Program Files\Java\jdk-18!\java.net.http;C:\Program Files\Java\jdk-18!\java.prefs;C:\Program Files\Java\jdk-18!\java.rmi;C:\Program Files\Java\jdk-18!\java.scripting;C:\Program Files\Java\jdk-18!\java.se;C:\Program Files\Java\jdk-18!\java.security.jgss;C:\Program Files\Java\jdk-18!\java.security.sasl;C:\Program Files\Java\jdk-18!\java.smartcardio;C:\Program Files\Java\jdk-18!\java.sql;C:\Program Files\Java\jdk-18!\java.sql.rowset;C:\Program Files\Java\jdk-18!\java.transaction.xa;C:\Program Files\Java\jdk-18!\java.xml;C:\Program Files\Java\jdk-18!\java.xml.crypto;C:\Program Files\Java\jdk-18!\jdk.accessibility;C:\Program Files\Java\jdk-18!\jdk.attach;C:\Program Files\Java\jdk-18!\jdk.charsets;C:\Program Files\Java\jdk-18!\jdk.compiler;C:\Program Files\Java\jdk-18!\jdk.crypto.cryptoki;C:\Program Files\Java\jdk-18!\jdk.crypto.ec;C:\Program Files\Java\jdk-18!\jdk.crypto.mscapi;C:\Program Files\Java\jdk-18!\jdk.dynalink;C:\Program Files\Java\jdk-18!\jdk.editpad;C:\Program Files\Java\jdk-18!\jdk.hotspot.agent;C:\Program Files\Java\jdk-18!\jdk.httpserver;C:\Program Files\Java\jdk-18!\jdk.incubator.foreign;C:\Program Files\Java\jdk-18!\jdk.incubator.vector;C:\Program Files\Java\jdk-18!\jdk.internal.ed;C:\Program Files\Java\jdk-18!\jdk.internal.jvmstat;C:\Program Files\Java\jdk-18!\jdk.internal.le;C:\Program Files\Java\jdk-18!\jdk.internal.opt;C:\Program Files\Java\jdk-18!\jdk.internal.vm.ci;C:\Program Files\Java\jdk-18!\jdk.internal.vm.compiler;C:\Program Files\Java\jdk-18!\jdk.internal.vm.compiler.management;C:\Program Files\Java\jdk-18!\jdk.jartool;C:\Program Files\Java\jdk-18!\jdk.javadoc;C:\Program Files\Java\jdk-18!\jdk.jcmd;C:\Program Files\Java\jdk-18!\jdk.jconsole;C:\Program Files\Java\jdk-18!\jdk.jdeps;C:\Program Files\Java\jdk-18!\jdk.jdi;C:\Program Files\Java\jdk-18!\jdk.jdwp.agent;C:\Program Files\Java\jdk-18!\jdk.jfr;C:\Program Files\Java\jdk-18!\jdk.jlink;C:\Program Files\Java\jdk-18!\jdk.jpackage;C:\Program Files\Java\jdk-18!\jdk.jshell;C:\Program Files\Java\jdk-18!\jdk.jsobject;C:\Program Files\Java\jdk-18!\jdk.jstatd;C:\Program Files\Java\jdk-18!\jdk.localedata;C:\Program Files\Java\jdk-18!\jdk.management;C:\Program Files\Java\jdk-18!\jdk.management.agent;C:\Program Files\Java\jdk-18!\jdk.management.jfr;C:\Program Files\Java\jdk-18!\jdk.naming.dns;C:\Program Files\Java\jdk-18!\jdk.naming.rmi;C:\Program Files\Java\jdk-18!\jdk.net;C:\Program Files\Java\jdk-18!\jdk.nio.mapmode;C:\Program Files\Java\jdk-18!\jdk.random;C:\Program Files\Java\jdk-18!\jdk.sctp;C:\Program Files\Java\jdk-18!\jdk.security.auth;C:\Program Files\Java\jdk-18!\jdk.security.jgss;C:\Program Files\Java\jdk-18!\jdk.unsupported;C:\Program Files\Java\jdk-18!\jdk.unsupported.desktop;C:\Program Files\Java\jdk-18!\jdk.xml.dom;C:\Program Files\Java\jdk-18!\jdk.zipfs;C:\Users\testinium\Ozdilek\target\test-classes;C:\Users\testinium\.m2\repository\junit\junit\4.12\junit-4.12.jar;C:\Users\testinium\.m2\repository\org\hamcrest\hamcrest-core\1.3\hamcrest-core-1.3.jar;C:\Users\testinium\.m2\repository\com\thoughtworks\gauge\gauge-java\0.7.15\gauge-java-0.7.15.jar;C:\Users\testinium\.m2\repository\org\assertj\assertj-core\3.19.0\assertj-core-3.19.0.jar;C:\Users\testinium\.m2\repository\org\reflections\reflections\0.9.9\reflections-0.9.9.jar;C:\Users\testinium\.m2\repository\org\javassist\javassist\3.18.2-GA\javassist-3.18.2-GA.jar;C:\Users\testinium\.m2\repository\com\google\code\findbugs\annotations\2.0.1\annotations-2.0.1.jar;C:\Users\testinium\.m2\repository\com\github\javaparser\javaparser-core\3.16.3\javaparser-core-3.16.3.jar;C:\Users\testinium\.m2\repository\commons-io\commons-io\2.8.0\commons-io-2.8.0.jar;C:\Users\testinium\.m2\repository\commons-lang\commons-lang\2.6\commons-lang-2.6.jar;C:\Users\testinium\.m2\repository\org\json\json\20210307\json-20210307.jar;C:\Users\testinium\.m2\repository\com\google\protobuf\protobuf-java\3.15.8\protobuf-java-3.15.8.jar;C:\Users\testinium\.m2\repository\com\google\guava\guava\30.1.1-jre\guava-30.1.1-jre.jar;C:\Users\testinium\.m2\repository\com\google\guava\failureaccess\1.0.1\failureaccess-1.0.1.jar;C:\Users\testinium\.m2\repository\com\google\guava\listenablefuture\9999.0-empty-to-avoid-conflict-with-guava\listenablefuture-9999.0-empty-to-avoid-conflict-with-guava.jar;C:\Users\testinium\.m2\repository\com\google\code\findbugs\jsr305\3.0.2\jsr305-3.0.2.jar;C:\Users\testinium\.m2\repository\org\checkerframework\checker-qual\3.8.0\checker-qual-3.8.0.jar;C:\Users\testinium\.m2\repository\com\google\errorprone\error_prone_annotations\2.5.1\error_prone_annotations-2.5.1.jar;C:\Users\testinium\.m2\repository\com\google\j2objc\j2objc-annotations\1.3\j2objc-annotations-1.3.jar;C:\Users\testinium\.m2\repository\io\grpc\grpc-netty-shaded\1.37.0\grpc-netty-shaded-1.37.0.jar;C:\Users\testinium\.m2\repository\io\grpc\grpc-core\1.37.0\grpc-core-1.37.0.jar;C:\Users\testinium\.m2\repository\com\google\android\annotations\4.1.1.4\annotations-4.1.1.4.jar;C:\Users\testinium\.m2\repository\io\perfmark\perfmark-api\0.23.0\perfmark-api-0.23.0.jar;C:\Users\testinium\.m2\repository\io\grpc\grpc-protobuf\1.37.0\grpc-protobuf-1.37.0.jar;C:\Users\testinium\.m2\repository\io\grpc\grpc-api\1.37.0\grpc-api-1.37.0.jar;C:\Users\testinium\.m2\repository\io\grpc\grpc-context\1.37.0\grpc-context-1.37.0.jar;C:\Users\testinium\.m2\repository\com\google\api\grpc\proto-google-common-protos\2.0.1\proto-google-common-protos-2.0.1.jar;C:\Users\testinium\.m2\repository\io\grpc\grpc-protobuf-lite\1.37.0\grpc-protobuf-lite-1.37.0.jar;C:\Users\testinium\.m2\repository\org\codehaus\mojo\animal-sniffer-annotations\1.19\animal-sniffer-annotations-1.19.jar;C:\Users\testinium\.m2\repository\io\grpc\grpc-stub\1.37.0\grpc-stub-1.37.0.jar;C:\Users\testinium\.m2\repository\javax\annotation\javax.annotation-api\1.3.2\javax.annotation-api-1.3.2.jar;C:\Users\testinium\.m2\repository\io\appium\java-client\7.3.0\java-client-7.3.0.jar;C:\Users\testinium\.m2\repository\org\seleniumhq\selenium\selenium-java\3.141.59\selenium-java-3.141.59.jar;C:\Users\testinium\.m2\repository\org\seleniumhq\selenium\selenium-chrome-driver\3.141.59\selenium-chrome-driver-3.141.59.jar;C:\Users\testinium\.m2\repository\org\seleniumhq\selenium\selenium-edge-driver\3.141.59\selenium-edge-driver-3.141.59.jar;C:\Users\testinium\.m2\repository\org\seleniumhq\selenium\selenium-firefox-driver\3.141.59\selenium-firefox-driver-3.141.59.jar;C:\Users\testinium\.m2\repository\org\seleniumhq\selenium\selenium-ie-driver\3.141.59\selenium-ie-driver-3.141.59.jar;C:\Users\testinium\.m2\repository\org\seleniumhq\selenium\selenium-opera-driver\3.141.59\selenium-opera-driver-3.141.59.jar;C:\Users\testinium\.m2\repository\org\seleniumhq\selenium\selenium-remote-driver\3.141.59\selenium-remote-driver-3.141.59.jar;C:\Users\testinium\.m2\repository\org\seleniumhq\selenium\selenium-safari-driver\3.141.59\selenium-safari-driver-3.141.59.jar;C:\Users\testinium\.m2\repository\net\bytebuddy\byte-buddy\1.8.15\byte-buddy-1.8.15.jar;C:\Users\testinium\.m2\repository\org\apache\commons\commons-exec\1.3\commons-exec-1.3.jar;C:\Users\testinium\.m2\repository\com\squareup\okhttp3\okhttp\3.11.0\okhttp-3.11.0.jar;C:\Users\testinium\.m2\repository\com\squareup\okio\okio\1.14.0\okio-1.14.0.jar;C:\Users\testinium\.m2\repository\org\seleniumhq\selenium\selenium-support\3.141.59\selenium-support-3.141.59.jar;C:\Users\testinium\.m2\repository\org\seleniumhq\selenium\selenium-api\3.141.59\selenium-api-3.141.59.jar;C:\Users\testinium\.m2\repository\com\google\code\gson\gson\2.8.5\gson-2.8.5.jar;C:\Users\testinium\.m2\repository\org\apache\httpcomponents\httpclient\4.5.9\httpclient-4.5.9.jar;C:\Users\testinium\.m2\repository\org\apache\httpcomponents\httpcore\4.4.11\httpcore-4.4.11.jar;C:\Users\testinium\.m2\repository\commons-logging\commons-logging\1.2\commons-logging-1.2.jar;C:\Users\testinium\.m2\repository\commons-codec\commons-codec\1.11\commons-codec-1.11.jar;C:\Users\testinium\.m2\repository\cglib\cglib\3.2.12\cglib-3.2.12.jar;C:\Users\testinium\.m2\repository\org\ow2\asm\asm\7.1\asm-7.1.jar;C:\Users\testinium\.m2\repository\commons-validator\commons-validator\1.6\commons-validator-1.6.jar;C:\Users\testinium\.m2\repository\commons-beanutils\commons-beanutils\1.9.2\commons-beanutils-1.9.2.jar;C:\Users\testinium\.m2\repository\commons-digester\commons-digester\1.8.1\commons-digester-1.8.1.jar;C:\Users\testinium\.m2\repository\commons-collections\commons-collections\3.2.2\commons-collections-3.2.2.jar;C:\Users\testinium\.m2\repository\org\apache\commons\commons-lang3\3.9\commons-lang3-3.9.jar;C:\Users\testinium\.m2\repository\org\springframework\spring-context\5.1.8.RELEASE\spring-context-5.1.8.RELEASE.jar;C:\Users\testinium\.m2\repository\org\springframework\spring-aop\5.1.8.RELEASE\spring-aop-5.1.8.RELEASE.jar;C:\Users\testinium\.m2\repository\org\springframework\spring-beans\5.1.8.RELEASE\spring-beans-5.1.8.RELEASE.jar;C:\Users\testinium\.m2\repository\org\springframework\spring-core\5.1.8.RELEASE\spring-core-5.1.8.RELEASE.jar;C:\Users\testinium\.m2\repository\org\springframework\spring-jcl\5.1.8.RELEASE\spring-jcl-5.1.8.RELEASE.jar;C:\Users\testinium\.m2\repository\org\springframework\spring-expression\5.1.8.RELEASE\spring-expression-5.1.8.RELEASE.jar;C:\Users\testinium\.m2\repository\org\aspectj\aspectjweaver\1.9.4\aspectjweaver-1.9.4.jar;C:\Users\testinium\.m2\repository\org\slf4j\slf4j-api\1.7.30\slf4j-api-1.7.30.jar;C:\Users\testinium\.m2\repository\org\slf4j\slf4j-log4j12\1.7.30\slf4j-log4j12-1.7.30.jar;C:\Users\testinium\.m2\repository\log4j\log4j\1.2.17\log4j-1.2.17.jar
04-04-2022 15:42:27.255 [java] [INFO] usage: GaugeJava --<start|init>
04-04-2022 15:42:27.285 [java] [CRITICAL] process C:\Program Files\Java\jdk-18\bin\java.exe with pid 17164 quit unexpectedly. exit status 1
04-04-2022 15:42:27.295 [Gauge] [DEBUG] Runner connection error: Runner with pid 5448 quit unexpectedly(exit status 1)
04-04-2022 15:42:27.295 [Gauge] [DEBUG] Error while killing runner: invalid argument
04-04-2022 15:42:27.295 [Gauge] [CRITICAL] Failed to start gauge API: Runner with pid 5448 quit unexpectedly(exit status 1)
